<?xml version="1.0" encoding="UTF-8"?>
<testsuite xmlns:xsi="http://www.w3.org/2001/XMLSchema-instance" xsi:noNamespaceSchemaLocation="https://maven.apache.org/surefire/maven-surefire-plugin/xsd/surefire-test-report-3.0.xsd" version="3.0" name="org.apache.shiro.spring.boot.autoconfigure.ShiroSpringAutoConfigurationTest" time="3.668" tests="1" errors="0" skipped="0" failures="0">
  <properties>
    <property name="awt.toolkit" value="sun.awt.X11.XToolkit"/>
    <property name="file.encoding.pkg" value="sun.io"/>
    <property name="nondexStart" value="0"/>
    <property name="java.specification.version" value="1.8"/>
    <property name="sun.cpu.isalist" value=""/>
    <property name="sun.jnu.encoding" value="UTF-8"/>
    <property name="java.class.path" value="/home/ch61/shiro/support/spring-boot/spring-boot-starter/target/test-classes:/home/ch61/shiro/support/spring-boot/spring-boot-starter/target/classes:/home/ch61/shiro/support/spring/target/classes:/home/ch61/shiro/core/target/classes:/home/ch61/shiro/lang/target/classes:/home/ch61/.m2/repository/org/slf4j/slf4j-api/1.7.26/slf4j-api-1.7.26.jar:/home/ch61/shiro/cache/target/classes:/home/ch61/shiro/crypto/hash/target/classes:/home/ch61/shiro/crypto/core/target/classes:/home/ch61/.m2/repository/org/bouncycastle/bcprov-jdk15on/1.68/bcprov-jdk15on-1.68.jar:/home/ch61/shiro/crypto/support/hashes/argon2/target/classes:/home/ch61/shiro/crypto/support/hashes/bcrypt/target/classes:/home/ch61/shiro/crypto/cipher/target/classes:/home/ch61/shiro/config/core/target/classes:/home/ch61/shiro/config/ogdl/target/classes:/home/ch61/.m2/repository/commons-beanutils/commons-beanutils/1.9.4/commons-beanutils-1.9.4.jar:/home/ch61/.m2/repository/commons-collections/commons-collections/3.2.2/commons-collections-3.2.2.jar:/home/ch61/shiro/event/target/classes:/home/ch61/shiro/web/target/classes:/home/ch61/.m2/repository/org/owasp/encoder/encoder/1.2.2/encoder-1.2.2.jar:/home/ch61/.m2/repository/org/springframework/boot/spring-boot-autoconfigure/2.3.2.RELEASE/spring-boot-autoconfigure-2.3.2.RELEASE.jar:/home/ch61/.m2/repository/org/springframework/boot/spring-boot/2.3.2.RELEASE/spring-boot-2.3.2.RELEASE.jar:/home/ch61/.m2/repository/org/springframework/boot/spring-boot-starter-web/2.3.2.RELEASE/spring-boot-starter-web-2.3.2.RELEASE.jar:/home/ch61/.m2/repository/org/springframework/boot/spring-boot-starter/2.3.2.RELEASE/spring-boot-starter-2.3.2.RELEASE.jar:/home/ch61/.m2/repository/org/springframework/boot/spring-boot-starter-logging/2.3.2.RELEASE/spring-boot-starter-logging-2.3.2.RELEASE.jar:/home/ch61/.m2/repository/ch/qos/logback/logback-classic/1.2.3/logback-classic-1.2.3.jar:/home/ch61/.m2/repository/ch/qos/logback/logback-core/1.2.3/logback-core-1.2.3.jar:/home/ch61/.m2/repository/org/apache/logging/log4j/log4j-to-slf4j/2.13.3/log4j-to-slf4j-2.13.3.jar:/home/ch61/.m2/repository/org/apache/logging/log4j/log4j-api/2.13.3/log4j-api-2.13.3.jar:/home/ch61/.m2/repository/org/slf4j/jul-to-slf4j/1.7.30/jul-to-slf4j-1.7.30.jar:/home/ch61/.m2/repository/jakarta/annotation/jakarta.annotation-api/1.3.5/jakarta.annotation-api-1.3.5.jar:/home/ch61/.m2/repository/org/yaml/snakeyaml/1.26/snakeyaml-1.26.jar:/home/ch61/.m2/repository/org/springframework/boot/spring-boot-starter-json/2.3.2.RELEASE/spring-boot-starter-json-2.3.2.RELEASE.jar:/home/ch61/.m2/repository/com/fasterxml/jackson/core/jackson-databind/2.11.1/jackson-databind-2.11.1.jar:/home/ch61/.m2/repository/com/fasterxml/jackson/core/jackson-annotations/2.11.1/jackson-annotations-2.11.1.jar:/home/ch61/.m2/repository/com/fasterxml/jackson/core/jackson-core/2.11.1/jackson-core-2.11.1.jar:/home/ch61/.m2/repository/com/fasterxml/jackson/datatype/jackson-datatype-jdk8/2.11.1/jackson-datatype-jdk8-2.11.1.jar:/home/ch61/.m2/repository/com/fasterxml/jackson/datatype/jackson-datatype-jsr310/2.11.1/jackson-datatype-jsr310-2.11.1.jar:/home/ch61/.m2/repository/com/fasterxml/jackson/module/jackson-module-parameter-names/2.11.1/jackson-module-parameter-names-2.11.1.jar:/home/ch61/.m2/repository/org/springframework/boot/spring-boot-starter-tomcat/2.3.2.RELEASE/spring-boot-starter-tomcat-2.3.2.RELEASE.jar:/home/ch61/.m2/repository/org/apache/tomcat/embed/tomcat-embed-core/9.0.37/tomcat-embed-core-9.0.37.jar:/home/ch61/.m2/repository/org/glassfish/jakarta.el/3.0.3/jakarta.el-3.0.3.jar:/home/ch61/.m2/repository/org/apache/tomcat/embed/tomcat-embed-websocket/9.0.37/tomcat-embed-websocket-9.0.37.jar:/home/ch61/.m2/repository/org/springframework/spring-web/5.2.8.RELEASE/spring-web-5.2.8.RELEASE.jar:/home/ch61/.m2/repository/org/springframework/spring-webmvc/5.2.8.RELEASE/spring-webmvc-5.2.8.RELEASE.jar:/home/ch61/.m2/repository/org/springframework/spring-aop/5.2.8.RELEASE/spring-aop-5.2.8.RELEASE.jar:/home/ch61/.m2/repository/org/springframework/spring-beans/5.2.8.RELEASE/spring-beans-5.2.8.RELEASE.jar:/home/ch61/.m2/repository/org/springframework/spring-context/5.2.8.RELEASE/spring-context-5.2.8.RELEASE.jar:/home/ch61/.m2/repository/org/springframework/spring-core/5.2.8.RELEASE/spring-core-5.2.8.RELEASE.jar:/home/ch61/.m2/repository/org/springframework/spring-jcl/5.2.8.RELEASE/spring-jcl-5.2.8.RELEASE.jar:/home/ch61/.m2/repository/org/springframework/spring-expression/5.2.8.RELEASE/spring-expression-5.2.8.RELEASE.jar:/home/ch61/.m2/repository/org/springframework/boot/spring-boot-configuration-processor/2.3.2.RELEASE/spring-boot-configuration-processor-2.3.2.RELEASE.jar:/home/ch61/.m2/repository/org/springframework/boot/spring-boot-test/2.3.2.RELEASE/spring-boot-test-2.3.2.RELEASE.jar:/home/ch61/.m2/repository/org/springframework/spring-test/5.2.8.RELEASE/spring-test-5.2.8.RELEASE.jar:/home/ch61/.m2/repository/org/mockito/mockito-core/1.10.17/mockito-core-1.10.17.jar:/home/ch61/.m2/repository/org/objenesis/objenesis/2.1/objenesis-2.1.jar:/home/ch61/.m2/repository/commons-logging/commons-logging/1.2/commons-logging-1.2.jar:/home/ch61/.m2/repository/org/junit/jupiter/junit-jupiter-api/5.8.1/junit-jupiter-api-5.8.1.jar:/home/ch61/.m2/repository/org/opentest4j/opentest4j/1.2.0/opentest4j-1.2.0.jar:/home/ch61/.m2/repository/org/junit/platform/junit-platform-commons/1.8.1/junit-platform-commons-1.8.1.jar:/home/ch61/.m2/repository/org/apiguardian/apiguardian-api/1.1.2/apiguardian-api-1.1.2.jar:/home/ch61/.m2/repository/org/junit/jupiter/junit-jupiter-engine/5.8.1/junit-jupiter-engine-5.8.1.jar:/home/ch61/.m2/repository/org/junit/platform/junit-platform-engine/1.8.1/junit-platform-engine-1.8.1.jar:/home/ch61/.m2/repository/org/junit/vintage/junit-vintage-engine/5.8.1/junit-vintage-engine-5.8.1.jar:/home/ch61/.m2/repository/junit/junit/4.13.2/junit-4.13.2.jar:/home/ch61/.m2/repository/org/hamcrest/hamcrest-core/2.1/hamcrest-core-2.1.jar:/home/ch61/.m2/repository/org/hamcrest/hamcrest/2.1/hamcrest-2.1.jar:/home/ch61/.m2/repository/org/easymock/easymock/4.0.2/easymock-4.0.2.jar:/home/ch61/.m2/repository/org/codehaus/groovy/groovy/3.0.9/groovy-3.0.9.jar:"/>
    <property name="java.vm.vendor" value="Private Build"/>
    <property name="nondexPrintstack" value="false"/>
    <property name="sun.arch.data.model" value="64"/>
    <property name="java.vendor.url" value="http://java.oracle.com/"/>
    <property name="user.timezone" value="America/Chicago"/>
    <property name="os.name" value="Linux"/>
    <property name="java.vm.specification.version" value="1.8"/>
    <property name="sun.java.launcher" value="SUN_STANDARD"/>
    <property name="sun.boot.library.path" value="/usr/lib/jvm/java-8-openjdk-amd64/jre/lib/amd64"/>
    <property name="nondexLogging" value="CONFIG"/>
    <property name="sun.java.command" value="/home/ch61/shiro/support/spring-boot/spring-boot-starter/target/surefire/surefirebooter6469274126908717715.jar /home/ch61/shiro/support/spring-boot/spring-boot-starter/target/surefire 2021-10-31T20-14-56_473-jvmRun1 surefire3102401551530543089tmp surefire_17776969247726113317tmp"/>
    <property name="surefire.test.class.path" value="/home/ch61/shiro/support/spring-boot/spring-boot-starter/target/test-classes:/home/ch61/shiro/support/spring-boot/spring-boot-starter/target/classes:/home/ch61/shiro/support/spring/target/classes:/home/ch61/shiro/core/target/classes:/home/ch61/shiro/lang/target/classes:/home/ch61/.m2/repository/org/slf4j/slf4j-api/1.7.26/slf4j-api-1.7.26.jar:/home/ch61/shiro/cache/target/classes:/home/ch61/shiro/crypto/hash/target/classes:/home/ch61/shiro/crypto/core/target/classes:/home/ch61/.m2/repository/org/bouncycastle/bcprov-jdk15on/1.68/bcprov-jdk15on-1.68.jar:/home/ch61/shiro/crypto/support/hashes/argon2/target/classes:/home/ch61/shiro/crypto/support/hashes/bcrypt/target/classes:/home/ch61/shiro/crypto/cipher/target/classes:/home/ch61/shiro/config/core/target/classes:/home/ch61/shiro/config/ogdl/target/classes:/home/ch61/.m2/repository/commons-beanutils/commons-beanutils/1.9.4/commons-beanutils-1.9.4.jar:/home/ch61/.m2/repository/commons-collections/commons-collections/3.2.2/commons-collections-3.2.2.jar:/home/ch61/shiro/event/target/classes:/home/ch61/shiro/web/target/classes:/home/ch61/.m2/repository/org/owasp/encoder/encoder/1.2.2/encoder-1.2.2.jar:/home/ch61/.m2/repository/org/springframework/boot/spring-boot-autoconfigure/2.3.2.RELEASE/spring-boot-autoconfigure-2.3.2.RELEASE.jar:/home/ch61/.m2/repository/org/springframework/boot/spring-boot/2.3.2.RELEASE/spring-boot-2.3.2.RELEASE.jar:/home/ch61/.m2/repository/org/springframework/boot/spring-boot-starter-web/2.3.2.RELEASE/spring-boot-starter-web-2.3.2.RELEASE.jar:/home/ch61/.m2/repository/org/springframework/boot/spring-boot-starter/2.3.2.RELEASE/spring-boot-starter-2.3.2.RELEASE.jar:/home/ch61/.m2/repository/org/springframework/boot/spring-boot-starter-logging/2.3.2.RELEASE/spring-boot-starter-logging-2.3.2.RELEASE.jar:/home/ch61/.m2/repository/ch/qos/logback/logback-classic/1.2.3/logback-classic-1.2.3.jar:/home/ch61/.m2/repository/ch/qos/logback/logback-core/1.2.3/logback-core-1.2.3.jar:/home/ch61/.m2/repository/org/apache/logging/log4j/log4j-to-slf4j/2.13.3/log4j-to-slf4j-2.13.3.jar:/home/ch61/.m2/repository/org/apache/logging/log4j/log4j-api/2.13.3/log4j-api-2.13.3.jar:/home/ch61/.m2/repository/org/slf4j/jul-to-slf4j/1.7.30/jul-to-slf4j-1.7.30.jar:/home/ch61/.m2/repository/jakarta/annotation/jakarta.annotation-api/1.3.5/jakarta.annotation-api-1.3.5.jar:/home/ch61/.m2/repository/org/yaml/snakeyaml/1.26/snakeyaml-1.26.jar:/home/ch61/.m2/repository/org/springframework/boot/spring-boot-starter-json/2.3.2.RELEASE/spring-boot-starter-json-2.3.2.RELEASE.jar:/home/ch61/.m2/repository/com/fasterxml/jackson/core/jackson-databind/2.11.1/jackson-databind-2.11.1.jar:/home/ch61/.m2/repository/com/fasterxml/jackson/core/jackson-annotations/2.11.1/jackson-annotations-2.11.1.jar:/home/ch61/.m2/repository/com/fasterxml/jackson/core/jackson-core/2.11.1/jackson-core-2.11.1.jar:/home/ch61/.m2/repository/com/fasterxml/jackson/datatype/jackson-datatype-jdk8/2.11.1/jackson-datatype-jdk8-2.11.1.jar:/home/ch61/.m2/repository/com/fasterxml/jackson/datatype/jackson-datatype-jsr310/2.11.1/jackson-datatype-jsr310-2.11.1.jar:/home/ch61/.m2/repository/com/fasterxml/jackson/module/jackson-module-parameter-names/2.11.1/jackson-module-parameter-names-2.11.1.jar:/home/ch61/.m2/repository/org/springframework/boot/spring-boot-starter-tomcat/2.3.2.RELEASE/spring-boot-starter-tomcat-2.3.2.RELEASE.jar:/home/ch61/.m2/repository/org/apache/tomcat/embed/tomcat-embed-core/9.0.37/tomcat-embed-core-9.0.37.jar:/home/ch61/.m2/repository/org/glassfish/jakarta.el/3.0.3/jakarta.el-3.0.3.jar:/home/ch61/.m2/repository/org/apache/tomcat/embed/tomcat-embed-websocket/9.0.37/tomcat-embed-websocket-9.0.37.jar:/home/ch61/.m2/repository/org/springframework/spring-web/5.2.8.RELEASE/spring-web-5.2.8.RELEASE.jar:/home/ch61/.m2/repository/org/springframework/spring-webmvc/5.2.8.RELEASE/spring-webmvc-5.2.8.RELEASE.jar:/home/ch61/.m2/repository/org/springframework/spring-aop/5.2.8.RELEASE/spring-aop-5.2.8.RELEASE.jar:/home/ch61/.m2/repository/org/springframework/spring-beans/5.2.8.RELEASE/spring-beans-5.2.8.RELEASE.jar:/home/ch61/.m2/repository/org/springframework/spring-context/5.2.8.RELEASE/spring-context-5.2.8.RELEASE.jar:/home/ch61/.m2/repository/org/springframework/spring-core/5.2.8.RELEASE/spring-core-5.2.8.RELEASE.jar:/home/ch61/.m2/repository/org/springframework/spring-jcl/5.2.8.RELEASE/spring-jcl-5.2.8.RELEASE.jar:/home/ch61/.m2/repository/org/springframework/spring-expression/5.2.8.RELEASE/spring-expression-5.2.8.RELEASE.jar:/home/ch61/.m2/repository/org/springframework/boot/spring-boot-configuration-processor/2.3.2.RELEASE/spring-boot-configuration-processor-2.3.2.RELEASE.jar:/home/ch61/.m2/repository/org/springframework/boot/spring-boot-test/2.3.2.RELEASE/spring-boot-test-2.3.2.RELEASE.jar:/home/ch61/.m2/repository/org/springframework/spring-test/5.2.8.RELEASE/spring-test-5.2.8.RELEASE.jar:/home/ch61/.m2/repository/org/mockito/mockito-core/1.10.17/mockito-core-1.10.17.jar:/home/ch61/.m2/repository/org/objenesis/objenesis/2.1/objenesis-2.1.jar:/home/ch61/.m2/repository/commons-logging/commons-logging/1.2/commons-logging-1.2.jar:/home/ch61/.m2/repository/org/junit/jupiter/junit-jupiter-api/5.8.1/junit-jupiter-api-5.8.1.jar:/home/ch61/.m2/repository/org/opentest4j/opentest4j/1.2.0/opentest4j-1.2.0.jar:/home/ch61/.m2/repository/org/junit/platform/junit-platform-commons/1.8.1/junit-platform-commons-1.8.1.jar:/home/ch61/.m2/repository/org/apiguardian/apiguardian-api/1.1.2/apiguardian-api-1.1.2.jar:/home/ch61/.m2/repository/org/junit/jupiter/junit-jupiter-engine/5.8.1/junit-jupiter-engine-5.8.1.jar:/home/ch61/.m2/repository/org/junit/platform/junit-platform-engine/1.8.1/junit-platform-engine-1.8.1.jar:/home/ch61/.m2/repository/org/junit/vintage/junit-vintage-engine/5.8.1/junit-vintage-engine-5.8.1.jar:/home/ch61/.m2/repository/junit/junit/4.13.2/junit-4.13.2.jar:/home/ch61/.m2/repository/org/hamcrest/hamcrest-core/2.1/hamcrest-core-2.1.jar:/home/ch61/.m2/repository/org/hamcrest/hamcrest/2.1/hamcrest-2.1.jar:/home/ch61/.m2/repository/org/easymock/easymock/4.0.2/easymock-4.0.2.jar:/home/ch61/.m2/repository/org/codehaus/groovy/groovy/3.0.9/groovy-3.0.9.jar:"/>
    <property name="nondexExecid" value="cmKWVsucihOXRC9bX19BiClHF+NSsRd1oCNIRP9hWD4="/>
    <property name="sun.cpu.endian" value="little"/>
    <property name="user.home" value="/home/ch61"/>
    <property name="user.language" value="en"/>
    <property name="java.specification.vendor" value="Oracle Corporation"/>
    <property name="java.home" value="/usr/lib/jvm/java-8-openjdk-amd64/jre"/>
    <property name="basedir" value="/home/ch61/shiro/support/spring-boot/spring-boot-starter"/>
    <property name="file.separator" value="/"/>
    <property name="line.separator" value="&#10;"/>
    <property name="nondexEnd" value="9223372036854775807"/>
    <property name="java.specification.name" value="Java Platform API Specification"/>
    <property name="java.vm.specification.vendor" value="Oracle Corporation"/>
    <property name="java.awt.graphicsenv" value="sun.awt.X11GraphicsEnvironment"/>
    <property name="java.awt.headless" value="true"/>
    <property name="nondexFilter" value=".*"/>
    <property name="nondexSeed" value="933178"/>
    <property name="surefire.real.class.path" value="/home/ch61/shiro/support/spring-boot/spring-boot-starter/target/surefire/surefirebooter6469274126908717715.jar"/>
    <property name="sun.boot.class.path" value="/home/ch61/shiro/support/spring-boot/spring-boot-starter/.nondex/nondex-instr.jar:/home/ch61/.m2/repository/edu/illinois/nondex-common/1.1.2/nondex-common-1.1.2.jar:/home/ch61/.m2/repository/edu/illinois/nondex-annotations/1.1.2/nondex-annotations-1.1.2.jar:/usr/lib/jvm/java-8-openjdk-amd64/jre/lib/resources.jar:/usr/lib/jvm/java-8-openjdk-amd64/jre/lib/rt.jar:/usr/lib/jvm/java-8-openjdk-amd64/jre/lib/sunrsasign.jar:/usr/lib/jvm/java-8-openjdk-amd64/jre/lib/jsse.jar:/usr/lib/jvm/java-8-openjdk-amd64/jre/lib/jce.jar:/usr/lib/jvm/java-8-openjdk-amd64/jre/lib/charsets.jar:/usr/lib/jvm/java-8-openjdk-amd64/jre/lib/jfr.jar:/usr/lib/jvm/java-8-openjdk-amd64/jre/classes"/>
    <property name="sun.management.compiler" value="HotSpot 64-Bit Tiered Compilers"/>
    <property name="java.runtime.version" value="1.8.0_292-8u292-b10-0ubuntu1~18.04-b10"/>
    <property name="user.name" value="ch61"/>
    <property name="path.separator" value=":"/>
    <property name="os.version" value="4.15.0-161-generic"/>
    <property name="java.endorsed.dirs" value="/usr/lib/jvm/java-8-openjdk-amd64/jre/lib/endorsed"/>
    <property name="java.runtime.name" value="OpenJDK Runtime Environment"/>
    <property name="file.encoding" value="UTF-8"/>
    <property name="spring.beaninfo.ignore" value="true"/>
    <property name="java.vm.name" value="OpenJDK 64-Bit Server VM"/>
    <property name="localRepository" value="/home/ch61/.m2/repository"/>
    <property name="nondexDir" value="/home/ch61/shiro/support/spring-boot/spring-boot-starter/.nondex"/>
    <property name="nondexJarDir" value="/home/ch61/shiro/support/spring-boot/spring-boot-starter/.nondex"/>
    <property name="java.vendor.url.bug" value="http://bugreport.sun.com/bugreport/"/>
    <property name="java.io.tmpdir" value="/tmp"/>
    <property name="java.version" value="1.8.0_292"/>
    <property name="user.dir" value="/home/ch61/shiro/support/spring-boot/spring-boot-starter"/>
    <property name="os.arch" value="amd64"/>
    <property name="nondexMode" value="FULL"/>
    <property name="PID" value="9719"/>
    <property name="java.vm.specification.name" value="Java Virtual Machine Specification"/>
    <property name="java.awt.printerjob" value="sun.print.PSPrinterJob"/>
    <property name="sun.os.patch.level" value="unknown"/>
    <property name="java.library.path" value="/usr/java/packages/lib/amd64:/usr/lib/x86_64-linux-gnu/jni:/lib/x86_64-linux-gnu:/usr/lib/x86_64-linux-gnu:/usr/lib/jni:/lib:/usr/lib"/>
    <property name="java.vm.info" value="mixed mode"/>
    <property name="java.vendor" value="Private Build"/>
    <property name="java.vm.version" value="25.292-b10"/>
    <property name="sun.io.unicode.encoding" value="UnicodeLittle"/>
    <property name="java.ext.dirs" value="/usr/lib/jvm/java-8-openjdk-amd64/jre/lib/ext:/usr/java/packages/lib/ext"/>
    <property name="java.class.version" value="52.0"/>
  </properties>
  <testcase name="testMinimalConfiguration" classname="org.apache.shiro.spring.boot.autoconfigure.ShiroSpringAutoConfigurationTest" time="0.272">
    <system-out><![CDATA[20:22:24.406 [main] DEBUG org.springframework.test.context.junit4.SpringJUnit4ClassRunner - SpringJUnit4ClassRunner constructor called with [class org.apache.shiro.spring.boot.autoconfigure.ShiroSpringAutoConfigurationTest]
20:22:24.416 [main] DEBUG org.springframework.test.context.BootstrapUtils - Instantiating CacheAwareContextLoaderDelegate from class [org.springframework.test.context.cache.DefaultCacheAwareContextLoaderDelegate]
20:22:24.423 [main] DEBUG org.springframework.test.context.BootstrapUtils - Instantiating BootstrapContext using constructor [public org.springframework.test.context.support.DefaultBootstrapContext(java.lang.Class,org.springframework.test.context.CacheAwareContextLoaderDelegate)]
20:22:24.467 [main] DEBUG org.springframework.test.context.BootstrapUtils - Instantiating TestContextBootstrapper for test class [org.apache.shiro.spring.boot.autoconfigure.ShiroSpringAutoConfigurationTest] from class [org.springframework.boot.test.context.SpringBootTestContextBootstrapper]
20:22:24.488 [main] INFO org.springframework.boot.test.context.SpringBootTestContextBootstrapper - Neither @ContextConfiguration nor @ContextHierarchy found for test class [org.apache.shiro.spring.boot.autoconfigure.ShiroSpringAutoConfigurationTest], using SpringBootContextLoader
20:22:24.491 [main] DEBUG org.springframework.test.context.support.AbstractContextLoader - Did not detect default resource location for test class [org.apache.shiro.spring.boot.autoconfigure.ShiroSpringAutoConfigurationTest]: class path resource [org/apache/shiro/spring/boot/autoconfigure/ShiroSpringAutoConfigurationTest-context.xml] does not exist
20:22:24.492 [main] DEBUG org.springframework.test.context.support.AbstractContextLoader - Did not detect default resource location for test class [org.apache.shiro.spring.boot.autoconfigure.ShiroSpringAutoConfigurationTest]: class path resource [org/apache/shiro/spring/boot/autoconfigure/ShiroSpringAutoConfigurationTestContext.groovy] does not exist
20:22:24.493 [main] INFO org.springframework.test.context.support.AbstractContextLoader - Could not detect default resource locations for test class [org.apache.shiro.spring.boot.autoconfigure.ShiroSpringAutoConfigurationTest]: no resource found for suffixes {-context.xml, Context.groovy}.
20:22:24.536 [main] DEBUG org.springframework.test.context.support.ActiveProfilesUtils - Could not find an 'annotation declaring class' for annotation type [org.springframework.test.context.ActiveProfiles] and class [org.apache.shiro.spring.boot.autoconfigure.ShiroSpringAutoConfigurationTest]
20:22:24.672 [main] DEBUG org.springframework.boot.test.context.SpringBootTestContextBootstrapper - @TestExecutionListeners is not present for class [org.apache.shiro.spring.boot.autoconfigure.ShiroSpringAutoConfigurationTest]: using defaults.
20:22:24.672 [main] INFO org.springframework.boot.test.context.SpringBootTestContextBootstrapper - Loaded default TestExecutionListener class names from location [META-INF/spring.factories]: [org.springframework.boot.test.mock.mockito.MockitoTestExecutionListener, org.springframework.boot.test.mock.mockito.ResetMocksTestExecutionListener, org.springframework.test.context.web.ServletTestExecutionListener, org.springframework.test.context.support.DirtiesContextBeforeModesTestExecutionListener, org.springframework.test.context.support.DependencyInjectionTestExecutionListener, org.springframework.test.context.support.DirtiesContextTestExecutionListener, org.springframework.test.context.transaction.TransactionalTestExecutionListener, org.springframework.test.context.jdbc.SqlScriptsTestExecutionListener, org.springframework.test.context.event.EventPublishingTestExecutionListener]
20:22:24.681 [main] DEBUG org.springframework.boot.test.context.SpringBootTestContextBootstrapper - Skipping candidate TestExecutionListener [org.springframework.test.context.transaction.TransactionalTestExecutionListener] due to a missing dependency. Specify custom listener classes or make the default listener classes and their required dependencies available. Offending class: [org/springframework/transaction/TransactionDefinition]
20:22:24.682 [main] DEBUG org.springframework.boot.test.context.SpringBootTestContextBootstrapper - Skipping candidate TestExecutionListener [org.springframework.test.context.jdbc.SqlScriptsTestExecutionListener] due to a missing dependency. Specify custom listener classes or make the default listener classes and their required dependencies available. Offending class: [org/springframework/transaction/interceptor/TransactionAttribute]
20:22:24.682 [main] INFO org.springframework.boot.test.context.SpringBootTestContextBootstrapper - Using TestExecutionListeners: [org.springframework.test.context.web.ServletTestExecutionListener@13b13b5d, org.springframework.test.context.support.DirtiesContextBeforeModesTestExecutionListener@2892dae4, org.springframework.boot.test.mock.mockito.MockitoTestExecutionListener@355ce81c, org.springframework.test.context.support.DependencyInjectionTestExecutionListener@29647f75, org.springframework.test.context.support.DirtiesContextTestExecutionListener@3315d2d7, org.springframework.test.context.event.EventPublishingTestExecutionListener@d6e7bab, org.springframework.boot.test.mock.mockito.ResetMocksTestExecutionListener@5fa07e12]
20:22:24.685 [main] DEBUG org.springframework.test.annotation.ProfileValueUtils - Retrieved @ProfileValueSourceConfiguration [null] for test class [org.apache.shiro.spring.boot.autoconfigure.ShiroSpringAutoConfigurationTest]
20:22:24.686 [main] DEBUG org.springframework.test.annotation.ProfileValueUtils - Retrieved ProfileValueSource type [class org.springframework.test.annotation.SystemProfileValueSource] for class [org.apache.shiro.spring.boot.autoconfigure.ShiroSpringAutoConfigurationTest]
20:22:24.687 [main] DEBUG org.springframework.test.annotation.ProfileValueUtils - Retrieved @ProfileValueSourceConfiguration [null] for test class [org.apache.shiro.spring.boot.autoconfigure.ShiroSpringAutoConfigurationTest]
20:22:24.687 [main] DEBUG org.springframework.test.annotation.ProfileValueUtils - Retrieved ProfileValueSource type [class org.springframework.test.annotation.SystemProfileValueSource] for class [org.apache.shiro.spring.boot.autoconfigure.ShiroSpringAutoConfigurationTest]
20:22:24.690 [main] DEBUG org.springframework.test.annotation.ProfileValueUtils - Retrieved @ProfileValueSourceConfiguration [null] for test class [org.apache.shiro.spring.boot.autoconfigure.ShiroSpringAutoConfigurationTest]
20:22:24.690 [main] DEBUG org.springframework.test.annotation.ProfileValueUtils - Retrieved ProfileValueSource type [class org.springframework.test.annotation.SystemProfileValueSource] for class [org.apache.shiro.spring.boot.autoconfigure.ShiroSpringAutoConfigurationTest]
20:22:24.733 [main] DEBUG org.springframework.test.context.junit4.SpringJUnit4ClassRunner - SpringJUnit4ClassRunner constructor called with [class org.apache.shiro.spring.boot.autoconfigure.web.DisabledGlobalFiltersTest]
20:22:24.733 [main] DEBUG org.springframework.test.context.BootstrapUtils - Instantiating CacheAwareContextLoaderDelegate from class [org.springframework.test.context.cache.DefaultCacheAwareContextLoaderDelegate]
20:22:24.733 [main] DEBUG org.springframework.test.context.BootstrapUtils - Instantiating BootstrapContext using constructor [public org.springframework.test.context.support.DefaultBootstrapContext(java.lang.Class,org.springframework.test.context.CacheAwareContextLoaderDelegate)]
20:22:24.734 [main] DEBUG org.springframework.test.context.BootstrapUtils - Instantiating TestContextBootstrapper for test class [org.apache.shiro.spring.boot.autoconfigure.web.DisabledGlobalFiltersTest] from class [org.springframework.boot.test.context.SpringBootTestContextBootstrapper]
20:22:24.735 [main] INFO org.springframework.boot.test.context.SpringBootTestContextBootstrapper - Neither @ContextConfiguration nor @ContextHierarchy found for test class [org.apache.shiro.spring.boot.autoconfigure.web.DisabledGlobalFiltersTest], using SpringBootContextLoader
20:22:24.736 [main] DEBUG org.springframework.test.context.support.AbstractContextLoader - Did not detect default resource location for test class [org.apache.shiro.spring.boot.autoconfigure.web.DisabledGlobalFiltersTest]: class path resource [org/apache/shiro/spring/boot/autoconfigure/web/DisabledGlobalFiltersTest-context.xml] does not exist
20:22:24.736 [main] DEBUG org.springframework.test.context.support.AbstractContextLoader - Did not detect default resource location for test class [org.apache.shiro.spring.boot.autoconfigure.web.DisabledGlobalFiltersTest]: class path resource [org/apache/shiro/spring/boot/autoconfigure/web/DisabledGlobalFiltersTestContext.groovy] does not exist
20:22:24.736 [main] INFO org.springframework.test.context.support.AbstractContextLoader - Could not detect default resource locations for test class [org.apache.shiro.spring.boot.autoconfigure.web.DisabledGlobalFiltersTest]: no resource found for suffixes {-context.xml, Context.groovy}.
20:22:24.738 [main] DEBUG org.springframework.test.context.support.ActiveProfilesUtils - Could not find an 'annotation declaring class' for annotation type [org.springframework.test.context.ActiveProfiles] and class [org.apache.shiro.spring.boot.autoconfigure.web.DisabledGlobalFiltersTest]
20:22:24.742 [main] DEBUG org.springframework.boot.test.context.SpringBootTestContextBootstrapper - @TestExecutionListeners is not present for class [org.apache.shiro.spring.boot.autoconfigure.web.DisabledGlobalFiltersTest]: using defaults.
20:22:24.742 [main] INFO org.springframework.boot.test.context.SpringBootTestContextBootstrapper - Loaded default TestExecutionListener class names from location [META-INF/spring.factories]: [org.springframework.boot.test.mock.mockito.MockitoTestExecutionListener, org.springframework.boot.test.mock.mockito.ResetMocksTestExecutionListener, org.springframework.test.context.web.ServletTestExecutionListener, org.springframework.test.context.support.DirtiesContextBeforeModesTestExecutionListener, org.springframework.test.context.support.DependencyInjectionTestExecutionListener, org.springframework.test.context.support.DirtiesContextTestExecutionListener, org.springframework.test.context.transaction.TransactionalTestExecutionListener, org.springframework.test.context.jdbc.SqlScriptsTestExecutionListener, org.springframework.test.context.event.EventPublishingTestExecutionListener]
20:22:24.743 [main] DEBUG org.springframework.boot.test.context.SpringBootTestContextBootstrapper - Skipping candidate TestExecutionListener [org.springframework.test.context.transaction.TransactionalTestExecutionListener] due to a missing dependency. Specify custom listener classes or make the default listener classes and their required dependencies available. Offending class: [org/springframework/transaction/TransactionDefinition]
20:22:24.744 [main] DEBUG org.springframework.boot.test.context.SpringBootTestContextBootstrapper - Skipping candidate TestExecutionListener [org.springframework.test.context.jdbc.SqlScriptsTestExecutionListener] due to a missing dependency. Specify custom listener classes or make the default listener classes and their required dependencies available. Offending class: [org/springframework/transaction/interceptor/TransactionAttribute]
20:22:24.744 [main] INFO org.springframework.boot.test.context.SpringBootTestContextBootstrapper - Using TestExecutionListeners: [org.springframework.test.context.web.ServletTestExecutionListener@fa49800, org.springframework.test.context.support.DirtiesContextBeforeModesTestExecutionListener@71238fc2, org.springframework.boot.test.mock.mockito.MockitoTestExecutionListener@2a54a73f, org.springframework.test.context.support.DependencyInjectionTestExecutionListener@16a0ee18, org.springframework.test.context.support.DirtiesContextTestExecutionListener@3d6f0054, org.springframework.test.context.event.EventPublishingTestExecutionListener@505fc5a4, org.springframework.boot.test.mock.mockito.ResetMocksTestExecutionListener@5fbdfdcf]
20:22:24.744 [main] DEBUG org.springframework.test.annotation.ProfileValueUtils - Retrieved @ProfileValueSourceConfiguration [null] for test class [org.apache.shiro.spring.boot.autoconfigure.web.DisabledGlobalFiltersTest]
20:22:24.744 [main] DEBUG org.springframework.test.annotation.ProfileValueUtils - Retrieved ProfileValueSource type [class org.springframework.test.annotation.SystemProfileValueSource] for class [org.apache.shiro.spring.boot.autoconfigure.web.DisabledGlobalFiltersTest]
20:22:24.744 [main] DEBUG org.springframework.test.annotation.ProfileValueUtils - Retrieved @ProfileValueSourceConfiguration [null] for test class [org.apache.shiro.spring.boot.autoconfigure.web.DisabledGlobalFiltersTest]
20:22:24.745 [main] DEBUG org.springframework.test.annotation.ProfileValueUtils - Retrieved ProfileValueSource type [class org.springframework.test.annotation.SystemProfileValueSource] for class [org.apache.shiro.spring.boot.autoconfigure.web.DisabledGlobalFiltersTest]
20:22:24.745 [main] DEBUG org.springframework.test.annotation.ProfileValueUtils - Retrieved @ProfileValueSourceConfiguration [null] for test class [org.apache.shiro.spring.boot.autoconfigure.web.DisabledGlobalFiltersTest]
20:22:24.745 [main] DEBUG org.springframework.test.annotation.ProfileValueUtils - Retrieved ProfileValueSource type [class org.springframework.test.annotation.SystemProfileValueSource] for class [org.apache.shiro.spring.boot.autoconfigure.web.DisabledGlobalFiltersTest]
20:22:24.752 [main] DEBUG org.springframework.test.context.junit4.SpringJUnit4ClassRunner - SpringJUnit4ClassRunner constructor called with [class org.apache.shiro.spring.boot.autoconfigure.web.ConfiguredGlobalFiltersTest]
20:22:24.752 [main] DEBUG org.springframework.test.context.BootstrapUtils - Instantiating CacheAwareContextLoaderDelegate from class [org.springframework.test.context.cache.DefaultCacheAwareContextLoaderDelegate]
20:22:24.752 [main] DEBUG org.springframework.test.context.BootstrapUtils - Instantiating BootstrapContext using constructor [public org.springframework.test.context.support.DefaultBootstrapContext(java.lang.Class,org.springframework.test.context.CacheAwareContextLoaderDelegate)]
20:22:24.753 [main] DEBUG org.springframework.test.context.BootstrapUtils - Instantiating TestContextBootstrapper for test class [org.apache.shiro.spring.boot.autoconfigure.web.ConfiguredGlobalFiltersTest] from class [org.springframework.boot.test.context.SpringBootTestContextBootstrapper]
20:22:24.754 [main] INFO org.springframework.boot.test.context.SpringBootTestContextBootstrapper - Neither @ContextConfiguration nor @ContextHierarchy found for test class [org.apache.shiro.spring.boot.autoconfigure.web.ConfiguredGlobalFiltersTest], using SpringBootContextLoader
20:22:24.755 [main] DEBUG org.springframework.test.context.support.AbstractContextLoader - Did not detect default resource location for test class [org.apache.shiro.spring.boot.autoconfigure.web.ConfiguredGlobalFiltersTest]: class path resource [org/apache/shiro/spring/boot/autoconfigure/web/ConfiguredGlobalFiltersTest-context.xml] does not exist
20:22:24.755 [main] DEBUG org.springframework.test.context.support.AbstractContextLoader - Did not detect default resource location for test class [org.apache.shiro.spring.boot.autoconfigure.web.ConfiguredGlobalFiltersTest]: class path resource [org/apache/shiro/spring/boot/autoconfigure/web/ConfiguredGlobalFiltersTestContext.groovy] does not exist
20:22:24.755 [main] INFO org.springframework.test.context.support.AbstractContextLoader - Could not detect default resource locations for test class [org.apache.shiro.spring.boot.autoconfigure.web.ConfiguredGlobalFiltersTest]: no resource found for suffixes {-context.xml, Context.groovy}.
20:22:24.758 [main] DEBUG org.springframework.test.context.support.ActiveProfilesUtils - Could not find an 'annotation declaring class' for annotation type [org.springframework.test.context.ActiveProfiles] and class [org.apache.shiro.spring.boot.autoconfigure.web.ConfiguredGlobalFiltersTest]
20:22:24.760 [main] DEBUG org.springframework.boot.test.context.SpringBootTestContextBootstrapper - @TestExecutionListeners is not present for class [org.apache.shiro.spring.boot.autoconfigure.web.ConfiguredGlobalFiltersTest]: using defaults.
20:22:24.761 [main] INFO org.springframework.boot.test.context.SpringBootTestContextBootstrapper - Loaded default TestExecutionListener class names from location [META-INF/spring.factories]: [org.springframework.boot.test.mock.mockito.MockitoTestExecutionListener, org.springframework.boot.test.mock.mockito.ResetMocksTestExecutionListener, org.springframework.test.context.web.ServletTestExecutionListener, org.springframework.test.context.support.DirtiesContextBeforeModesTestExecutionListener, org.springframework.test.context.support.DependencyInjectionTestExecutionListener, org.springframework.test.context.support.DirtiesContextTestExecutionListener, org.springframework.test.context.transaction.TransactionalTestExecutionListener, org.springframework.test.context.jdbc.SqlScriptsTestExecutionListener, org.springframework.test.context.event.EventPublishingTestExecutionListener]
20:22:24.761 [main] DEBUG org.springframework.boot.test.context.SpringBootTestContextBootstrapper - Skipping candidate TestExecutionListener [org.springframework.test.context.transaction.TransactionalTestExecutionListener] due to a missing dependency. Specify custom listener classes or make the default listener classes and their required dependencies available. Offending class: [org/springframework/transaction/TransactionDefinition]
20:22:24.762 [main] DEBUG org.springframework.boot.test.context.SpringBootTestContextBootstrapper - Skipping candidate TestExecutionListener [org.springframework.test.context.jdbc.SqlScriptsTestExecutionListener] due to a missing dependency. Specify custom listener classes or make the default listener classes and their required dependencies available. Offending class: [org/springframework/transaction/interceptor/TransactionAttribute]
20:22:24.762 [main] INFO org.springframework.boot.test.context.SpringBootTestContextBootstrapper - Using TestExecutionListeners: [org.springframework.test.context.web.ServletTestExecutionListener@16610890, org.springframework.test.context.support.DirtiesContextBeforeModesTestExecutionListener@71def8f8, org.springframework.boot.test.mock.mockito.MockitoTestExecutionListener@383bfa16, org.springframework.test.context.support.DependencyInjectionTestExecutionListener@4d465b11, org.springframework.test.context.support.DirtiesContextTestExecutionListener@53fdffa1, org.springframework.test.context.event.EventPublishingTestExecutionListener@5562c41e, org.springframework.boot.test.mock.mockito.ResetMocksTestExecutionListener@32ee6fee]
20:22:24.762 [main] DEBUG org.springframework.test.annotation.ProfileValueUtils - Retrieved @ProfileValueSourceConfiguration [null] for test class [org.apache.shiro.spring.boot.autoconfigure.web.ConfiguredGlobalFiltersTest]
20:22:24.762 [main] DEBUG org.springframework.test.annotation.ProfileValueUtils - Retrieved ProfileValueSource type [class org.springframework.test.annotation.SystemProfileValueSource] for class [org.apache.shiro.spring.boot.autoconfigure.web.ConfiguredGlobalFiltersTest]
20:22:24.763 [main] DEBUG org.springframework.test.annotation.ProfileValueUtils - Retrieved @ProfileValueSourceConfiguration [null] for test class [org.apache.shiro.spring.boot.autoconfigure.web.ConfiguredGlobalFiltersTest]
20:22:24.763 [main] DEBUG org.springframework.test.annotation.ProfileValueUtils - Retrieved ProfileValueSource type [class org.springframework.test.annotation.SystemProfileValueSource] for class [org.apache.shiro.spring.boot.autoconfigure.web.ConfiguredGlobalFiltersTest]
20:22:24.763 [main] DEBUG org.springframework.test.annotation.ProfileValueUtils - Retrieved @ProfileValueSourceConfiguration [null] for test class [org.apache.shiro.spring.boot.autoconfigure.web.ConfiguredGlobalFiltersTest]
20:22:24.763 [main] DEBUG org.springframework.test.annotation.ProfileValueUtils - Retrieved ProfileValueSource type [class org.springframework.test.annotation.SystemProfileValueSource] for class [org.apache.shiro.spring.boot.autoconfigure.web.ConfiguredGlobalFiltersTest]
20:22:24.778 [main] DEBUG org.springframework.test.context.junit4.SpringJUnit4ClassRunner - SpringJUnit4ClassRunner constructor called with [class org.apache.shiro.spring.boot.autoconfigure.web.ShiroWebSpringAutoConfigurationTest]
20:22:24.778 [main] DEBUG org.springframework.test.context.BootstrapUtils - Instantiating CacheAwareContextLoaderDelegate from class [org.springframework.test.context.cache.DefaultCacheAwareContextLoaderDelegate]
20:22:24.779 [main] DEBUG org.springframework.test.context.BootstrapUtils - Instantiating BootstrapContext using constructor [public org.springframework.test.context.support.DefaultBootstrapContext(java.lang.Class,org.springframework.test.context.CacheAwareContextLoaderDelegate)]
20:22:24.780 [main] DEBUG org.springframework.test.context.BootstrapUtils - Instantiating TestContextBootstrapper for test class [org.apache.shiro.spring.boot.autoconfigure.web.ShiroWebSpringAutoConfigurationTest] from class [org.springframework.boot.test.context.SpringBootTestContextBootstrapper]
20:22:24.781 [main] INFO org.springframework.boot.test.context.SpringBootTestContextBootstrapper - Neither @ContextConfiguration nor @ContextHierarchy found for test class [org.apache.shiro.spring.boot.autoconfigure.web.ShiroWebSpringAutoConfigurationTest], using SpringBootContextLoader
20:22:24.782 [main] DEBUG org.springframework.test.context.support.AbstractContextLoader - Did not detect default resource location for test class [org.apache.shiro.spring.boot.autoconfigure.web.ShiroWebSpringAutoConfigurationTest]: class path resource [org/apache/shiro/spring/boot/autoconfigure/web/ShiroWebSpringAutoConfigurationTest-context.xml] does not exist
20:22:24.782 [main] DEBUG org.springframework.test.context.support.AbstractContextLoader - Did not detect default resource location for test class [org.apache.shiro.spring.boot.autoconfigure.web.ShiroWebSpringAutoConfigurationTest]: class path resource [org/apache/shiro/spring/boot/autoconfigure/web/ShiroWebSpringAutoConfigurationTestContext.groovy] does not exist
20:22:24.782 [main] INFO org.springframework.test.context.support.AbstractContextLoader - Could not detect default resource locations for test class [org.apache.shiro.spring.boot.autoconfigure.web.ShiroWebSpringAutoConfigurationTest]: no resource found for suffixes {-context.xml, Context.groovy}.
20:22:24.785 [main] DEBUG org.springframework.test.context.support.ActiveProfilesUtils - Could not find an 'annotation declaring class' for annotation type [org.springframework.test.context.ActiveProfiles] and class [org.apache.shiro.spring.boot.autoconfigure.web.ShiroWebSpringAutoConfigurationTest]
20:22:24.791 [main] INFO org.springframework.boot.test.context.SpringBootTestContextBootstrapper - Using TestExecutionListeners: [org.springframework.test.context.web.ServletTestExecutionListener@5d7148e2, org.springframework.test.context.support.DirtiesContextBeforeModesTestExecutionListener@25fb8912, org.springframework.test.context.support.DependencyInjectionTestExecutionListener@7c24b813, org.springframework.test.context.support.DirtiesContextTestExecutionListener@2c35e847, org.springframework.test.context.event.EventPublishingTestExecutionListener@7bd4937b]
20:22:24.791 [main] DEBUG org.springframework.test.annotation.ProfileValueUtils - Retrieved @ProfileValueSourceConfiguration [null] for test class [org.apache.shiro.spring.boot.autoconfigure.web.ShiroWebSpringAutoConfigurationTest]
20:22:24.791 [main] DEBUG org.springframework.test.annotation.ProfileValueUtils - Retrieved ProfileValueSource type [class org.springframework.test.annotation.SystemProfileValueSource] for class [org.apache.shiro.spring.boot.autoconfigure.web.ShiroWebSpringAutoConfigurationTest]
20:22:24.791 [main] DEBUG org.springframework.test.annotation.ProfileValueUtils - Retrieved @ProfileValueSourceConfiguration [null] for test class [org.apache.shiro.spring.boot.autoconfigure.web.ShiroWebSpringAutoConfigurationTest]
20:22:24.792 [main] DEBUG org.springframework.test.annotation.ProfileValueUtils - Retrieved ProfileValueSource type [class org.springframework.test.annotation.SystemProfileValueSource] for class [org.apache.shiro.spring.boot.autoconfigure.web.ShiroWebSpringAutoConfigurationTest]
20:22:24.792 [main] DEBUG org.springframework.test.annotation.ProfileValueUtils - Retrieved @ProfileValueSourceConfiguration [null] for test class [org.apache.shiro.spring.boot.autoconfigure.web.ShiroWebSpringAutoConfigurationTest]
20:22:24.792 [main] DEBUG org.springframework.test.annotation.ProfileValueUtils - Retrieved ProfileValueSource type [class org.springframework.test.annotation.SystemProfileValueSource] for class [org.apache.shiro.spring.boot.autoconfigure.web.ShiroWebSpringAutoConfigurationTest]
20:22:24.812 [main] DEBUG org.springframework.test.context.junit4.SpringJUnit4ClassRunner - SpringJUnit4ClassRunner constructor called with [class org.apache.shiro.spring.boot.autoconfigure.ShiroSpringAutoConfigurationTest]
20:22:24.812 [main] DEBUG org.springframework.test.context.BootstrapUtils - Instantiating CacheAwareContextLoaderDelegate from class [org.springframework.test.context.cache.DefaultCacheAwareContextLoaderDelegate]
20:22:24.812 [main] DEBUG org.springframework.test.context.BootstrapUtils - Instantiating BootstrapContext using constructor [public org.springframework.test.context.support.DefaultBootstrapContext(java.lang.Class,org.springframework.test.context.CacheAwareContextLoaderDelegate)]
20:22:24.813 [main] DEBUG org.springframework.test.context.BootstrapUtils - Instantiating TestContextBootstrapper for test class [org.apache.shiro.spring.boot.autoconfigure.ShiroSpringAutoConfigurationTest] from class [org.springframework.boot.test.context.SpringBootTestContextBootstrapper]
20:22:24.814 [main] INFO org.springframework.boot.test.context.SpringBootTestContextBootstrapper - Neither @ContextConfiguration nor @ContextHierarchy found for test class [org.apache.shiro.spring.boot.autoconfigure.ShiroSpringAutoConfigurationTest], using SpringBootContextLoader
20:22:24.814 [main] DEBUG org.springframework.test.context.support.AbstractContextLoader - Did not detect default resource location for test class [org.apache.shiro.spring.boot.autoconfigure.ShiroSpringAutoConfigurationTest]: class path resource [org/apache/shiro/spring/boot/autoconfigure/ShiroSpringAutoConfigurationTest-context.xml] does not exist
20:22:24.814 [main] DEBUG org.springframework.test.context.support.AbstractContextLoader - Did not detect default resource location for test class [org.apache.shiro.spring.boot.autoconfigure.ShiroSpringAutoConfigurationTest]: class path resource [org/apache/shiro/spring/boot/autoconfigure/ShiroSpringAutoConfigurationTestContext.groovy] does not exist
20:22:24.815 [main] INFO org.springframework.test.context.support.AbstractContextLoader - Could not detect default resource locations for test class [org.apache.shiro.spring.boot.autoconfigure.ShiroSpringAutoConfigurationTest]: no resource found for suffixes {-context.xml, Context.groovy}.
20:22:24.816 [main] DEBUG org.springframework.test.context.support.ActiveProfilesUtils - Could not find an 'annotation declaring class' for annotation type [org.springframework.test.context.ActiveProfiles] and class [org.apache.shiro.spring.boot.autoconfigure.ShiroSpringAutoConfigurationTest]
20:22:24.819 [main] DEBUG org.springframework.boot.test.context.SpringBootTestContextBootstrapper - @TestExecutionListeners is not present for class [org.apache.shiro.spring.boot.autoconfigure.ShiroSpringAutoConfigurationTest]: using defaults.
20:22:24.819 [main] INFO org.springframework.boot.test.context.SpringBootTestContextBootstrapper - Loaded default TestExecutionListener class names from location [META-INF/spring.factories]: [org.springframework.boot.test.mock.mockito.MockitoTestExecutionListener, org.springframework.boot.test.mock.mockito.ResetMocksTestExecutionListener, org.springframework.test.context.web.ServletTestExecutionListener, org.springframework.test.context.support.DirtiesContextBeforeModesTestExecutionListener, org.springframework.test.context.support.DependencyInjectionTestExecutionListener, org.springframework.test.context.support.DirtiesContextTestExecutionListener, org.springframework.test.context.transaction.TransactionalTestExecutionListener, org.springframework.test.context.jdbc.SqlScriptsTestExecutionListener, org.springframework.test.context.event.EventPublishingTestExecutionListener]
20:22:24.820 [main] DEBUG org.springframework.boot.test.context.SpringBootTestContextBootstrapper - Skipping candidate TestExecutionListener [org.springframework.test.context.transaction.TransactionalTestExecutionListener] due to a missing dependency. Specify custom listener classes or make the default listener classes and their required dependencies available. Offending class: [org/springframework/transaction/TransactionDefinition]
20:22:24.820 [main] DEBUG org.springframework.boot.test.context.SpringBootTestContextBootstrapper - Skipping candidate TestExecutionListener [org.springframework.test.context.jdbc.SqlScriptsTestExecutionListener] due to a missing dependency. Specify custom listener classes or make the default listener classes and their required dependencies available. Offending class: [org/springframework/transaction/interceptor/TransactionAttribute]
20:22:24.820 [main] INFO org.springframework.boot.test.context.SpringBootTestContextBootstrapper - Using TestExecutionListeners: [org.springframework.test.context.web.ServletTestExecutionListener@5d0a1059, org.springframework.test.context.support.DirtiesContextBeforeModesTestExecutionListener@485966cc, org.springframework.boot.test.mock.mockito.MockitoTestExecutionListener@1de76cc7, org.springframework.test.context.support.DependencyInjectionTestExecutionListener@54bff557, org.springframework.test.context.support.DirtiesContextTestExecutionListener@593aaf41, org.springframework.test.context.event.EventPublishingTestExecutionListener@5a56cdac, org.springframework.boot.test.mock.mockito.ResetMocksTestExecutionListener@7c711375]
20:22:24.820 [main] DEBUG org.springframework.test.annotation.ProfileValueUtils - Retrieved @ProfileValueSourceConfiguration [null] for test class [org.apache.shiro.spring.boot.autoconfigure.ShiroSpringAutoConfigurationTest]
20:22:24.820 [main] DEBUG org.springframework.test.annotation.ProfileValueUtils - Retrieved ProfileValueSource type [class org.springframework.test.annotation.SystemProfileValueSource] for class [org.apache.shiro.spring.boot.autoconfigure.ShiroSpringAutoConfigurationTest]
20:22:24.821 [main] DEBUG org.springframework.test.annotation.ProfileValueUtils - Retrieved @ProfileValueSourceConfiguration [null] for test class [org.apache.shiro.spring.boot.autoconfigure.ShiroSpringAutoConfigurationTest]
20:22:24.821 [main] DEBUG org.springframework.test.annotation.ProfileValueUtils - Retrieved ProfileValueSource type [class org.springframework.test.annotation.SystemProfileValueSource] for class [org.apache.shiro.spring.boot.autoconfigure.ShiroSpringAutoConfigurationTest]
20:22:24.821 [main] DEBUG org.springframework.test.annotation.ProfileValueUtils - Retrieved @ProfileValueSourceConfiguration [null] for test class [org.apache.shiro.spring.boot.autoconfigure.ShiroSpringAutoConfigurationTest]
20:22:24.821 [main] DEBUG org.springframework.test.annotation.ProfileValueUtils - Retrieved ProfileValueSource type [class org.springframework.test.annotation.SystemProfileValueSource] for class [org.apache.shiro.spring.boot.autoconfigure.ShiroSpringAutoConfigurationTest]
20:22:24.823 [main] DEBUG org.springframework.test.context.junit4.SpringJUnit4ClassRunner - SpringJUnit4ClassRunner constructor called with [class org.apache.shiro.spring.boot.autoconfigure.web.DisabledGlobalFiltersTest]
20:22:24.823 [main] DEBUG org.springframework.test.context.BootstrapUtils - Instantiating CacheAwareContextLoaderDelegate from class [org.springframework.test.context.cache.DefaultCacheAwareContextLoaderDelegate]
20:22:24.823 [main] DEBUG org.springframework.test.context.BootstrapUtils - Instantiating BootstrapContext using constructor [public org.springframework.test.context.support.DefaultBootstrapContext(java.lang.Class,org.springframework.test.context.CacheAwareContextLoaderDelegate)]
20:22:24.824 [main] DEBUG org.springframework.test.context.BootstrapUtils - Instantiating TestContextBootstrapper for test class [org.apache.shiro.spring.boot.autoconfigure.web.DisabledGlobalFiltersTest] from class [org.springframework.boot.test.context.SpringBootTestContextBootstrapper]
20:22:24.825 [main] INFO org.springframework.boot.test.context.SpringBootTestContextBootstrapper - Neither @ContextConfiguration nor @ContextHierarchy found for test class [org.apache.shiro.spring.boot.autoconfigure.web.DisabledGlobalFiltersTest], using SpringBootContextLoader
20:22:24.826 [main] DEBUG org.springframework.test.context.support.AbstractContextLoader - Did not detect default resource location for test class [org.apache.shiro.spring.boot.autoconfigure.web.DisabledGlobalFiltersTest]: class path resource [org/apache/shiro/spring/boot/autoconfigure/web/DisabledGlobalFiltersTest-context.xml] does not exist
20:22:24.826 [main] DEBUG org.springframework.test.context.support.AbstractContextLoader - Did not detect default resource location for test class [org.apache.shiro.spring.boot.autoconfigure.web.DisabledGlobalFiltersTest]: class path resource [org/apache/shiro/spring/boot/autoconfigure/web/DisabledGlobalFiltersTestContext.groovy] does not exist
20:22:24.826 [main] INFO org.springframework.test.context.support.AbstractContextLoader - Could not detect default resource locations for test class [org.apache.shiro.spring.boot.autoconfigure.web.DisabledGlobalFiltersTest]: no resource found for suffixes {-context.xml, Context.groovy}.
20:22:24.828 [main] DEBUG org.springframework.test.context.support.ActiveProfilesUtils - Could not find an 'annotation declaring class' for annotation type [org.springframework.test.context.ActiveProfiles] and class [org.apache.shiro.spring.boot.autoconfigure.web.DisabledGlobalFiltersTest]
20:22:24.830 [main] DEBUG org.springframework.boot.test.context.SpringBootTestContextBootstrapper - @TestExecutionListeners is not present for class [org.apache.shiro.spring.boot.autoconfigure.web.DisabledGlobalFiltersTest]: using defaults.
20:22:24.831 [main] INFO org.springframework.boot.test.context.SpringBootTestContextBootstrapper - Loaded default TestExecutionListener class names from location [META-INF/spring.factories]: [org.springframework.boot.test.mock.mockito.MockitoTestExecutionListener, org.springframework.boot.test.mock.mockito.ResetMocksTestExecutionListener, org.springframework.test.context.web.ServletTestExecutionListener, org.springframework.test.context.support.DirtiesContextBeforeModesTestExecutionListener, org.springframework.test.context.support.DependencyInjectionTestExecutionListener, org.springframework.test.context.support.DirtiesContextTestExecutionListener, org.springframework.test.context.transaction.TransactionalTestExecutionListener, org.springframework.test.context.jdbc.SqlScriptsTestExecutionListener, org.springframework.test.context.event.EventPublishingTestExecutionListener]
20:22:24.831 [main] DEBUG org.springframework.boot.test.context.SpringBootTestContextBootstrapper - Skipping candidate TestExecutionListener [org.springframework.test.context.transaction.TransactionalTestExecutionListener] due to a missing dependency. Specify custom listener classes or make the default listener classes and their required dependencies available. Offending class: [org/springframework/transaction/TransactionDefinition]
20:22:24.831 [main] DEBUG org.springframework.boot.test.context.SpringBootTestContextBootstrapper - Skipping candidate TestExecutionListener [org.springframework.test.context.jdbc.SqlScriptsTestExecutionListener] due to a missing dependency. Specify custom listener classes or make the default listener classes and their required dependencies available. Offending class: [org/springframework/transaction/interceptor/TransactionAttribute]
20:22:24.832 [main] INFO org.springframework.boot.test.context.SpringBootTestContextBootstrapper - Using TestExecutionListeners: [org.springframework.test.context.web.ServletTestExecutionListener@37d4349f, org.springframework.test.context.support.DirtiesContextBeforeModesTestExecutionListener@434a63ab, org.springframework.boot.test.mock.mockito.MockitoTestExecutionListener@6e0f5f7f, org.springframework.test.context.support.DependencyInjectionTestExecutionListener@2805d709, org.springframework.test.context.support.DirtiesContextTestExecutionListener@3ee37e5a, org.springframework.test.context.event.EventPublishingTestExecutionListener@2ea41516, org.springframework.boot.test.mock.mockito.ResetMocksTestExecutionListener@3a44431a]
20:22:24.832 [main] DEBUG org.springframework.test.annotation.ProfileValueUtils - Retrieved @ProfileValueSourceConfiguration [null] for test class [org.apache.shiro.spring.boot.autoconfigure.web.DisabledGlobalFiltersTest]
20:22:24.832 [main] DEBUG org.springframework.test.annotation.ProfileValueUtils - Retrieved ProfileValueSource type [class org.springframework.test.annotation.SystemProfileValueSource] for class [org.apache.shiro.spring.boot.autoconfigure.web.DisabledGlobalFiltersTest]
20:22:24.832 [main] DEBUG org.springframework.test.annotation.ProfileValueUtils - Retrieved @ProfileValueSourceConfiguration [null] for test class [org.apache.shiro.spring.boot.autoconfigure.web.DisabledGlobalFiltersTest]
20:22:24.832 [main] DEBUG org.springframework.test.annotation.ProfileValueUtils - Retrieved ProfileValueSource type [class org.springframework.test.annotation.SystemProfileValueSource] for class [org.apache.shiro.spring.boot.autoconfigure.web.DisabledGlobalFiltersTest]
20:22:24.832 [main] DEBUG org.springframework.test.annotation.ProfileValueUtils - Retrieved @ProfileValueSourceConfiguration [null] for test class [org.apache.shiro.spring.boot.autoconfigure.web.DisabledGlobalFiltersTest]
20:22:24.832 [main] DEBUG org.springframework.test.annotation.ProfileValueUtils - Retrieved ProfileValueSource type [class org.springframework.test.annotation.SystemProfileValueSource] for class [org.apache.shiro.spring.boot.autoconfigure.web.DisabledGlobalFiltersTest]
20:22:24.833 [main] DEBUG org.springframework.test.context.junit4.SpringJUnit4ClassRunner - SpringJUnit4ClassRunner constructor called with [class org.apache.shiro.spring.boot.autoconfigure.web.ConfiguredGlobalFiltersTest]
20:22:24.833 [main] DEBUG org.springframework.test.context.BootstrapUtils - Instantiating CacheAwareContextLoaderDelegate from class [org.springframework.test.context.cache.DefaultCacheAwareContextLoaderDelegate]
20:22:24.834 [main] DEBUG org.springframework.test.context.BootstrapUtils - Instantiating BootstrapContext using constructor [public org.springframework.test.context.support.DefaultBootstrapContext(java.lang.Class,org.springframework.test.context.CacheAwareContextLoaderDelegate)]
20:22:24.834 [main] DEBUG org.springframework.test.context.BootstrapUtils - Instantiating TestContextBootstrapper for test class [org.apache.shiro.spring.boot.autoconfigure.web.ConfiguredGlobalFiltersTest] from class [org.springframework.boot.test.context.SpringBootTestContextBootstrapper]
20:22:24.835 [main] INFO org.springframework.boot.test.context.SpringBootTestContextBootstrapper - Neither @ContextConfiguration nor @ContextHierarchy found for test class [org.apache.shiro.spring.boot.autoconfigure.web.ConfiguredGlobalFiltersTest], using SpringBootContextLoader
20:22:24.835 [main] DEBUG org.springframework.test.context.support.AbstractContextLoader - Did not detect default resource location for test class [org.apache.shiro.spring.boot.autoconfigure.web.ConfiguredGlobalFiltersTest]: class path resource [org/apache/shiro/spring/boot/autoconfigure/web/ConfiguredGlobalFiltersTest-context.xml] does not exist
20:22:24.836 [main] DEBUG org.springframework.test.context.support.AbstractContextLoader - Did not detect default resource location for test class [org.apache.shiro.spring.boot.autoconfigure.web.ConfiguredGlobalFiltersTest]: class path resource [org/apache/shiro/spring/boot/autoconfigure/web/ConfiguredGlobalFiltersTestContext.groovy] does not exist
20:22:24.836 [main] INFO org.springframework.test.context.support.AbstractContextLoader - Could not detect default resource locations for test class [org.apache.shiro.spring.boot.autoconfigure.web.ConfiguredGlobalFiltersTest]: no resource found for suffixes {-context.xml, Context.groovy}.
20:22:24.837 [main] DEBUG org.springframework.test.context.support.ActiveProfilesUtils - Could not find an 'annotation declaring class' for annotation type [org.springframework.test.context.ActiveProfiles] and class [org.apache.shiro.spring.boot.autoconfigure.web.ConfiguredGlobalFiltersTest]
20:22:24.844 [main] DEBUG org.springframework.boot.test.context.SpringBootTestContextBootstrapper - @TestExecutionListeners is not present for class [org.apache.shiro.spring.boot.autoconfigure.web.ConfiguredGlobalFiltersTest]: using defaults.
20:22:24.844 [main] INFO org.springframework.boot.test.context.SpringBootTestContextBootstrapper - Loaded default TestExecutionListener class names from location [META-INF/spring.factories]: [org.springframework.boot.test.mock.mockito.MockitoTestExecutionListener, org.springframework.boot.test.mock.mockito.ResetMocksTestExecutionListener, org.springframework.test.context.web.ServletTestExecutionListener, org.springframework.test.context.support.DirtiesContextBeforeModesTestExecutionListener, org.springframework.test.context.support.DependencyInjectionTestExecutionListener, org.springframework.test.context.support.DirtiesContextTestExecutionListener, org.springframework.test.context.transaction.TransactionalTestExecutionListener, org.springframework.test.context.jdbc.SqlScriptsTestExecutionListener, org.springframework.test.context.event.EventPublishingTestExecutionListener]
20:22:24.844 [main] DEBUG org.springframework.boot.test.context.SpringBootTestContextBootstrapper - Skipping candidate TestExecutionListener [org.springframework.test.context.transaction.TransactionalTestExecutionListener] due to a missing dependency. Specify custom listener classes or make the default listener classes and their required dependencies available. Offending class: [org/springframework/transaction/TransactionDefinition]
20:22:24.845 [main] DEBUG org.springframework.boot.test.context.SpringBootTestContextBootstrapper - Skipping candidate TestExecutionListener [org.springframework.test.context.jdbc.SqlScriptsTestExecutionListener] due to a missing dependency. Specify custom listener classes or make the default listener classes and their required dependencies available. Offending class: [org/springframework/transaction/interceptor/TransactionAttribute]
20:22:24.845 [main] INFO org.springframework.boot.test.context.SpringBootTestContextBootstrapper - Using TestExecutionListeners: [org.springframework.test.context.web.ServletTestExecutionListener@194bcebf, org.springframework.test.context.support.DirtiesContextBeforeModesTestExecutionListener@17497425, org.springframework.boot.test.mock.mockito.MockitoTestExecutionListener@f0da945, org.springframework.test.context.support.DependencyInjectionTestExecutionListener@4803b726, org.springframework.test.context.support.DirtiesContextTestExecutionListener@ffaa6af, org.springframework.test.context.event.EventPublishingTestExecutionListener@53ce1329, org.springframework.boot.test.mock.mockito.ResetMocksTestExecutionListener@316bcf94]
20:22:24.853 [main] DEBUG org.springframework.test.annotation.ProfileValueUtils - Retrieved @ProfileValueSourceConfiguration [null] for test class [org.apache.shiro.spring.boot.autoconfigure.web.ConfiguredGlobalFiltersTest]
20:22:24.853 [main] DEBUG org.springframework.test.annotation.ProfileValueUtils - Retrieved ProfileValueSource type [class org.springframework.test.annotation.SystemProfileValueSource] for class [org.apache.shiro.spring.boot.autoconfigure.web.ConfiguredGlobalFiltersTest]
20:22:24.853 [main] DEBUG org.springframework.test.annotation.ProfileValueUtils - Retrieved @ProfileValueSourceConfiguration [null] for test class [org.apache.shiro.spring.boot.autoconfigure.web.ConfiguredGlobalFiltersTest]
20:22:24.853 [main] DEBUG org.springframework.test.annotation.ProfileValueUtils - Retrieved ProfileValueSource type [class org.springframework.test.annotation.SystemProfileValueSource] for class [org.apache.shiro.spring.boot.autoconfigure.web.ConfiguredGlobalFiltersTest]
20:22:24.853 [main] DEBUG org.springframework.test.annotation.ProfileValueUtils - Retrieved @ProfileValueSourceConfiguration [null] for test class [org.apache.shiro.spring.boot.autoconfigure.web.ConfiguredGlobalFiltersTest]
20:22:24.853 [main] DEBUG org.springframework.test.annotation.ProfileValueUtils - Retrieved ProfileValueSource type [class org.springframework.test.annotation.SystemProfileValueSource] for class [org.apache.shiro.spring.boot.autoconfigure.web.ConfiguredGlobalFiltersTest]
20:22:24.854 [main] DEBUG org.springframework.test.context.junit4.SpringJUnit4ClassRunner - SpringJUnit4ClassRunner constructor called with [class org.apache.shiro.spring.boot.autoconfigure.web.ShiroWebSpringAutoConfigurationTest]
20:22:24.855 [main] DEBUG org.springframework.test.context.BootstrapUtils - Instantiating CacheAwareContextLoaderDelegate from class [org.springframework.test.context.cache.DefaultCacheAwareContextLoaderDelegate]
20:22:24.855 [main] DEBUG org.springframework.test.context.BootstrapUtils - Instantiating BootstrapContext using constructor [public org.springframework.test.context.support.DefaultBootstrapContext(java.lang.Class,org.springframework.test.context.CacheAwareContextLoaderDelegate)]
20:22:24.855 [main] DEBUG org.springframework.test.context.BootstrapUtils - Instantiating TestContextBootstrapper for test class [org.apache.shiro.spring.boot.autoconfigure.web.ShiroWebSpringAutoConfigurationTest] from class [org.springframework.boot.test.context.SpringBootTestContextBootstrapper]
20:22:24.856 [main] INFO org.springframework.boot.test.context.SpringBootTestContextBootstrapper - Neither @ContextConfiguration nor @ContextHierarchy found for test class [org.apache.shiro.spring.boot.autoconfigure.web.ShiroWebSpringAutoConfigurationTest], using SpringBootContextLoader
20:22:24.857 [main] DEBUG org.springframework.test.context.support.AbstractContextLoader - Did not detect default resource location for test class [org.apache.shiro.spring.boot.autoconfigure.web.ShiroWebSpringAutoConfigurationTest]: class path resource [org/apache/shiro/spring/boot/autoconfigure/web/ShiroWebSpringAutoConfigurationTest-context.xml] does not exist
20:22:24.857 [main] DEBUG org.springframework.test.context.support.AbstractContextLoader - Did not detect default resource location for test class [org.apache.shiro.spring.boot.autoconfigure.web.ShiroWebSpringAutoConfigurationTest]: class path resource [org/apache/shiro/spring/boot/autoconfigure/web/ShiroWebSpringAutoConfigurationTestContext.groovy] does not exist
20:22:24.857 [main] INFO org.springframework.test.context.support.AbstractContextLoader - Could not detect default resource locations for test class [org.apache.shiro.spring.boot.autoconfigure.web.ShiroWebSpringAutoConfigurationTest]: no resource found for suffixes {-context.xml, Context.groovy}.
20:22:24.859 [main] DEBUG org.springframework.test.context.support.ActiveProfilesUtils - Could not find an 'annotation declaring class' for annotation type [org.springframework.test.context.ActiveProfiles] and class [org.apache.shiro.spring.boot.autoconfigure.web.ShiroWebSpringAutoConfigurationTest]
20:22:24.861 [main] INFO org.springframework.boot.test.context.SpringBootTestContextBootstrapper - Using TestExecutionListeners: [org.springframework.test.context.web.ServletTestExecutionListener@2c1b194a, org.springframework.test.context.support.DirtiesContextBeforeModesTestExecutionListener@4dbb42b7, org.springframework.test.context.support.DependencyInjectionTestExecutionListener@66f57048, org.springframework.test.context.support.DirtiesContextTestExecutionListener@550dbc7a, org.springframework.test.context.event.EventPublishingTestExecutionListener@21282ed8]
20:22:24.861 [main] DEBUG org.springframework.test.annotation.ProfileValueUtils - Retrieved @ProfileValueSourceConfiguration [null] for test class [org.apache.shiro.spring.boot.autoconfigure.web.ShiroWebSpringAutoConfigurationTest]
20:22:24.862 [main] DEBUG org.springframework.test.annotation.ProfileValueUtils - Retrieved ProfileValueSource type [class org.springframework.test.annotation.SystemProfileValueSource] for class [org.apache.shiro.spring.boot.autoconfigure.web.ShiroWebSpringAutoConfigurationTest]
20:22:24.862 [main] DEBUG org.springframework.test.annotation.ProfileValueUtils - Retrieved @ProfileValueSourceConfiguration [null] for test class [org.apache.shiro.spring.boot.autoconfigure.web.ShiroWebSpringAutoConfigurationTest]
20:22:24.862 [main] DEBUG org.springframework.test.annotation.ProfileValueUtils - Retrieved ProfileValueSource type [class org.springframework.test.annotation.SystemProfileValueSource] for class [org.apache.shiro.spring.boot.autoconfigure.web.ShiroWebSpringAutoConfigurationTest]
20:22:24.862 [main] DEBUG org.springframework.test.annotation.ProfileValueUtils - Retrieved @ProfileValueSourceConfiguration [null] for test class [org.apache.shiro.spring.boot.autoconfigure.web.ShiroWebSpringAutoConfigurationTest]
20:22:24.862 [main] DEBUG org.springframework.test.annotation.ProfileValueUtils - Retrieved ProfileValueSource type [class org.springframework.test.annotation.SystemProfileValueSource] for class [org.apache.shiro.spring.boot.autoconfigure.web.ShiroWebSpringAutoConfigurationTest]
20:22:24.921 [main] DEBUG org.springframework.test.annotation.ProfileValueUtils - Retrieved @ProfileValueSourceConfiguration [null] for test class [org.apache.shiro.spring.boot.autoconfigure.ShiroSpringAutoConfigurationTest]
20:22:24.921 [main] DEBUG org.springframework.test.annotation.ProfileValueUtils - Retrieved ProfileValueSource type [class org.springframework.test.annotation.SystemProfileValueSource] for class [org.apache.shiro.spring.boot.autoconfigure.ShiroSpringAutoConfigurationTest]
20:22:24.926 [main] DEBUG org.springframework.test.annotation.ProfileValueUtils - Retrieved @ProfileValueSourceConfiguration [null] for test class [org.apache.shiro.spring.boot.autoconfigure.ShiroSpringAutoConfigurationTest]
20:22:24.926 [main] DEBUG org.springframework.test.annotation.ProfileValueUtils - Retrieved ProfileValueSource type [class org.springframework.test.annotation.SystemProfileValueSource] for class [org.apache.shiro.spring.boot.autoconfigure.ShiroSpringAutoConfigurationTest]
20:22:24.926 [main] DEBUG org.springframework.test.annotation.ProfileValueUtils - Retrieved @ProfileValueSourceConfiguration [null] for test class [org.apache.shiro.spring.boot.autoconfigure.ShiroSpringAutoConfigurationTest]
20:22:24.927 [main] DEBUG org.springframework.test.annotation.ProfileValueUtils - Retrieved ProfileValueSource type [class org.springframework.test.annotation.SystemProfileValueSource] for class [org.apache.shiro.spring.boot.autoconfigure.ShiroSpringAutoConfigurationTest]
20:22:24.944 [main] DEBUG org.springframework.test.context.support.AbstractDirtiesContextTestExecutionListener - Before test class: context [DefaultTestContext@6c4906d3 testClass = ShiroSpringAutoConfigurationTest, testInstance = [null], testMethod = [null], testException = [null], mergedContextConfiguration = [WebMergedContextConfiguration@65987993 testClass = ShiroSpringAutoConfigurationTest, locations = '{}', classes = '{class org.apache.shiro.spring.boot.autoconfigure.application.ShiroAutoConfigurationTestApplication, class org.apache.shiro.spring.boot.autoconfigure.application.ShiroAutoConfigurationTestApplication}', contextInitializerClasses = '[]', activeProfiles = '{}', propertySourceLocations = '{}', propertySourceProperties = '{org.springframework.boot.test.context.SpringBootTestContextBootstrapper=true}', contextCustomizers = set[org.springframework.boot.test.context.filter.ExcludeFilterContextCustomizer@6193932a, org.springframework.boot.test.json.DuplicateJsonObjectContextCustomizerFactory$DuplicateJsonObjectContextCustomizer@78aab498, org.springframework.boot.test.mock.mockito.MockitoContextCustomizer@0, org.springframework.boot.test.web.client.TestRestTemplateContextCustomizer@60d8c9b7, org.springframework.boot.test.context.SpringBootTestArgs@1], resourceBasePath = 'src/main/webapp', contextLoader = 'org.springframework.boot.test.context.SpringBootContextLoader', parent = [null]], attributes = map['org.springframework.test.context.web.ServletTestExecutionListener.activateListener' -> true]], class annotated with @DirtiesContext [false] with mode [null].
20:22:24.945 [main] DEBUG org.springframework.test.annotation.ProfileValueUtils - Retrieved @ProfileValueSourceConfiguration [null] for test class [org.apache.shiro.spring.boot.autoconfigure.ShiroSpringAutoConfigurationTest]
20:22:24.946 [main] DEBUG org.springframework.test.annotation.ProfileValueUtils - Retrieved ProfileValueSource type [class org.springframework.test.annotation.SystemProfileValueSource] for class [org.apache.shiro.spring.boot.autoconfigure.ShiroSpringAutoConfigurationTest]
20:22:25.179 [main] DEBUG org.springframework.test.context.support.TestPropertySourceUtils - Adding inlined properties to environment: {spring.jmx.enabled=false, org.springframework.boot.test.context.SpringBootTestContextBootstrapper=true}

  .   ____          _            __ _ _
 /\\ / ___'_ __ _ _(_)_ __  __ _ \ \ \ \
( ( )\___ | '_ | '_| | '_ \/ _` | \ \ \ \
 \\/  ___)| |_)| | | | | || (_| |  ) ) ) )
  '  |____| .__|_| |_|_| |_\__, | / / / /
 =========|_|==============|___/=/_/_/_/
 :: Spring Boot ::        (v2.3.2.RELEASE)

2021-10-31 20:22:25.603  INFO 9719 --- [           main] s.s.b.a.ShiroSpringAutoConfigurationTest : Starting ShiroSpringAutoConfigurationTest on fa21-cs527-009 with PID 9719 (started by ch61 in /home/ch61/shiro/support/spring-boot/spring-boot-starter)
2021-10-31 20:22:25.605  INFO 9719 --- [           main] s.s.b.a.ShiroSpringAutoConfigurationTest : No active profile set, falling back to default profiles: default
2021-10-31 20:22:26.408  INFO 9719 --- [           main] trationDelegate$BeanPostProcessorChecker : Bean 'org.apache.shiro.spring.boot.autoconfigure.ShiroBeanAutoConfiguration' of type [org.apache.shiro.spring.boot.autoconfigure.ShiroBeanAutoConfiguration$$EnhancerBySpringCGLIB$$351bfa47] is not eligible for getting processed by all BeanPostProcessors (for example: not eligible for auto-proxying)
2021-10-31 20:22:26.441  INFO 9719 --- [           main] trationDelegate$BeanPostProcessorChecker : Bean 'org.apache.shiro.spring.boot.autoconfigure.ShiroAnnotationProcessorAutoConfiguration' of type [org.apache.shiro.spring.boot.autoconfigure.ShiroAnnotationProcessorAutoConfiguration$$EnhancerBySpringCGLIB$$37af38ec] is not eligible for getting processed by all BeanPostProcessors (for example: not eligible for auto-proxying)
2021-10-31 20:22:26.504  INFO 9719 --- [           main] trationDelegate$BeanPostProcessorChecker : Bean 'eventBus' of type [org.apache.shiro.event.support.DefaultEventBus] is not eligible for getting processed by all BeanPostProcessors (for example: not eligible for auto-proxying)
2021-10-31 20:22:26.586  INFO 9719 --- [           main] trationDelegate$BeanPostProcessorChecker : Bean 'org.apache.shiro.spring.config.web.autoconfigure.ShiroWebAutoConfiguration' of type [org.apache.shiro.spring.config.web.autoconfigure.ShiroWebAutoConfiguration$$EnhancerBySpringCGLIB$$59b85ab1] is not eligible for getting processed by all BeanPostProcessors (for example: not eligible for auto-proxying)
2021-10-31 20:22:26.595  INFO 9719 --- [           main] trationDelegate$BeanPostProcessorChecker : Bean 'shiroAutoConfigurationTestApplication' of type [org.apache.shiro.spring.boot.autoconfigure.application.ShiroAutoConfigurationTestApplication$$EnhancerBySpringCGLIB$$c31f4521] is not eligible for getting processed by all BeanPostProcessors (for example: not eligible for auto-proxying)
2021-10-31 20:22:26.663  INFO 9719 --- [           main] trationDelegate$BeanPostProcessorChecker : Bean 'getTextConfigurationRealm' of type [org.apache.shiro.realm.text.TextConfigurationRealm] is not eligible for getting processed by all BeanPostProcessors (for example: not eligible for auto-proxying)
2021-10-31 20:22:26.762  INFO 9719 --- [           main] trationDelegate$BeanPostProcessorChecker : Bean 'sessionStorageEvaluator' of type [org.apache.shiro.web.mgt.DefaultWebSessionStorageEvaluator] is not eligible for getting processed by all BeanPostProcessors (for example: not eligible for auto-proxying)
2021-10-31 20:22:26.766  INFO 9719 --- [           main] trationDelegate$BeanPostProcessorChecker : Bean 'subjectDAO' of type [org.apache.shiro.mgt.DefaultSubjectDAO] is not eligible for getting processed by all BeanPostProcessors (for example: not eligible for auto-proxying)
2021-10-31 20:22:26.774  INFO 9719 --- [           main] trationDelegate$BeanPostProcessorChecker : Bean 'subjectFactory' of type [org.apache.shiro.web.mgt.DefaultWebSubjectFactory] is not eligible for getting processed by all BeanPostProcessors (for example: not eligible for auto-proxying)
2021-10-31 20:22:26.785  INFO 9719 --- [           main] trationDelegate$BeanPostProcessorChecker : Bean 'rememberMeCookieTemplate' of type [org.apache.shiro.web.servlet.SimpleCookie] is not eligible for getting processed by all BeanPostProcessors (for example: not eligible for auto-proxying)
2021-10-31 20:22:26.802  INFO 9719 --- [           main] trationDelegate$BeanPostProcessorChecker : Bean 'rememberMeManager' of type [org.apache.shiro.web.mgt.CookieRememberMeManager] is not eligible for getting processed by all BeanPostProcessors (for example: not eligible for auto-proxying)
2021-10-31 20:22:26.811  INFO 9719 --- [           main] trationDelegate$BeanPostProcessorChecker : Bean 'authenticationStrategy' of type [org.apache.shiro.authc.pam.AtLeastOneSuccessfulStrategy] is not eligible for getting processed by all BeanPostProcessors (for example: not eligible for auto-proxying)
2021-10-31 20:22:26.818  INFO 9719 --- [           main] trationDelegate$BeanPostProcessorChecker : Bean 'authenticator' of type [org.apache.shiro.authc.pam.ModularRealmAuthenticator] is not eligible for getting processed by all BeanPostProcessors (for example: not eligible for auto-proxying)
2021-10-31 20:22:26.826  INFO 9719 --- [           main] trationDelegate$BeanPostProcessorChecker : Bean 'authorizer' of type [org.apache.shiro.authz.ModularRealmAuthorizer] is not eligible for getting processed by all BeanPostProcessors (for example: not eligible for auto-proxying)
2021-10-31 20:22:26.833  INFO 9719 --- [           main] trationDelegate$BeanPostProcessorChecker : Bean 'sessionManager' of type [org.apache.shiro.web.session.mgt.ServletContainerSessionManager] is not eligible for getting processed by all BeanPostProcessors (for example: not eligible for auto-proxying)
2021-10-31 20:22:26.857  INFO 9719 --- [           main] trationDelegate$BeanPostProcessorChecker : Bean 'securityManager' of type [org.apache.shiro.web.mgt.DefaultWebSecurityManager] is not eligible for getting processed by all BeanPostProcessors (for example: not eligible for auto-proxying)
2021-10-31 20:22:26.888  INFO 9719 --- [           main] trationDelegate$BeanPostProcessorChecker : Bean 'authorizationAttributeSourceAdvisor' of type [org.apache.shiro.spring.security.interceptor.AuthorizationAttributeSourceAdvisor] is not eligible for getting processed by all BeanPostProcessors (for example: not eligible for auto-proxying)
2021-10-31 20:22:26.915  INFO 9719 --- [           main] trationDelegate$BeanPostProcessorChecker : Bean 'shiroFilterChainDefinition' of type [org.apache.shiro.spring.web.config.DefaultShiroFilterChainDefinition] is not eligible for getting processed by all BeanPostProcessors (for example: not eligible for auto-proxying)
2021-10-31 20:22:26.939  INFO 9719 --- [           main] trationDelegate$BeanPostProcessorChecker : Bean 'requestContextFilter' of type [org.springframework.boot.web.servlet.filter.OrderedRequestContextFilter] is not eligible for getting processed by all BeanPostProcessors (for example: not eligible for auto-proxying)
2021-10-31 20:22:26.947  INFO 9719 --- [           main] trationDelegate$BeanPostProcessorChecker : Bean 'org.springframework.boot.autoconfigure.web.servlet.WebMvcAutoConfiguration' of type [org.springframework.boot.autoconfigure.web.servlet.WebMvcAutoConfiguration] is not eligible for getting processed by all BeanPostProcessors (for example: not eligible for auto-proxying)
2021-10-31 20:22:26.961  INFO 9719 --- [           main] trationDelegate$BeanPostProcessorChecker : Bean 'formContentFilter' of type [org.springframework.boot.web.servlet.filter.OrderedFormContentFilter] is not eligible for getting processed by all BeanPostProcessors (for example: not eligible for auto-proxying)
2021-10-31 20:22:27.007  INFO 9719 --- [           main] trationDelegate$BeanPostProcessorChecker : Bean 'server-org.springframework.boot.autoconfigure.web.ServerProperties' of type [org.springframework.boot.autoconfigure.web.ServerProperties] is not eligible for getting processed by all BeanPostProcessors (for example: not eligible for auto-proxying)
2021-10-31 20:22:27.010  INFO 9719 --- [           main] trationDelegate$BeanPostProcessorChecker : Bean 'org.springframework.boot.autoconfigure.web.servlet.HttpEncodingAutoConfiguration' of type [org.springframework.boot.autoconfigure.web.servlet.HttpEncodingAutoConfiguration] is not eligible for getting processed by all BeanPostProcessors (for example: not eligible for auto-proxying)
2021-10-31 20:22:27.023  INFO 9719 --- [           main] trationDelegate$BeanPostProcessorChecker : Bean 'characterEncodingFilter' of type [org.springframework.boot.web.servlet.filter.OrderedCharacterEncodingFilter] is not eligible for getting processed by all BeanPostProcessors (for example: not eligible for auto-proxying)
2021-10-31 20:22:27.027  INFO 9719 --- [           main] trationDelegate$BeanPostProcessorChecker : Bean 'org.apache.shiro.spring.config.web.autoconfigure.ShiroWebFilterConfiguration' of type [org.apache.shiro.spring.config.web.autoconfigure.ShiroWebFilterConfiguration$$EnhancerBySpringCGLIB$$8c22bfe8] is not eligible for getting processed by all BeanPostProcessors (for example: not eligible for auto-proxying)
2021-10-31 20:22:27.064  INFO 9719 --- [           main] trationDelegate$BeanPostProcessorChecker : Bean 'globalFilters' of type [java.util.Collections$SingletonList] is not eligible for getting processed by all BeanPostProcessors (for example: not eligible for auto-proxying)
2021-10-31 20:22:27.727  INFO 9719 --- [           main] o.s.s.concurrent.ThreadPoolTaskExecutor  : Initializing ExecutorService 'applicationTaskExecutor'
2021-10-31 20:22:28.291  INFO 9719 --- [           main] s.s.b.a.ShiroSpringAutoConfigurationTest : Started ShiroSpringAutoConfigurationTest in 3.102 seconds (JVM running for 4.526)
]]></system-out>
  </testcase>
</testsuite>