<?xml version="1.0" encoding="UTF-8"?>
<testsuite xmlns:xsi="http://www.w3.org/2001/XMLSchema-instance" xsi:noNamespaceSchemaLocation="https://maven.apache.org/surefire/maven-surefire-plugin/xsd/surefire-test-report-3.0.xsd" version="3.0" name="org.apache.shiro.guice.InitializableInjectionListenerTest" time="0.003" tests="1" errors="0" skipped="0" failures="0">
  <properties>
    <property name="awt.toolkit" value="sun.awt.X11.XToolkit"/>
    <property name="java.specification.version" value="1.8"/>
    <property name="nondexStart" value="0"/>
    <property name="file.encoding.pkg" value="sun.io"/>
    <property name="sun.cpu.isalist" value=""/>
    <property name="sun.jnu.encoding" value="UTF-8"/>
    <property name="java.class.path" value="/home/ch61/shiro/integration-tests/guice4/target/test-classes:/home/ch61/shiro/integration-tests/guice4/target/classes:/home/ch61/.m2/repository/org/apache/taglibs/taglibs-standard-spec/1.2.5/taglibs-standard-spec-1.2.5.jar:/home/ch61/.m2/repository/org/apache/taglibs/taglibs-standard-impl/1.2.5/taglibs-standard-impl-1.2.5.jar:/home/ch61/.m2/repository/javax/servlet/javax.servlet-api/3.1.0/javax.servlet-api-3.1.0.jar:/home/ch61/.m2/repository/org/slf4j/slf4j-log4j12/1.7.26/slf4j-log4j12-1.7.26.jar:/home/ch61/.m2/repository/org/slf4j/slf4j-api/1.7.26/slf4j-api-1.7.26.jar:/home/ch61/.m2/repository/log4j/log4j/1.2.17/log4j-1.2.17.jar:/home/ch61/shiro/core/target/classes:/home/ch61/shiro/lang/target/classes:/home/ch61/shiro/cache/target/classes:/home/ch61/shiro/crypto/hash/target/classes:/home/ch61/shiro/crypto/core/target/classes:/home/ch61/.m2/repository/org/bouncycastle/bcprov-jdk15on/1.68/bcprov-jdk15on-1.68.jar:/home/ch61/shiro/crypto/support/hashes/argon2/target/classes:/home/ch61/shiro/crypto/support/hashes/bcrypt/target/classes:/home/ch61/shiro/crypto/cipher/target/classes:/home/ch61/shiro/config/core/target/classes:/home/ch61/shiro/config/ogdl/target/classes:/home/ch61/shiro/event/target/classes:/home/ch61/shiro/web/target/classes:/home/ch61/.m2/repository/org/owasp/encoder/encoder/1.2.2/encoder-1.2.2.jar:/home/ch61/shiro/support/guice/target/classes:/home/ch61/.m2/repository/javax/annotation/javax.annotation-api/1.3.2/javax.annotation-api-1.3.2.jar:/home/ch61/.m2/repository/com/google/inject/guice/4.2.3/guice-4.2.3.jar:/home/ch61/.m2/repository/javax/inject/javax.inject/1/javax.inject-1.jar:/home/ch61/.m2/repository/aopalliance/aopalliance/1.0/aopalliance-1.0.jar:/home/ch61/.m2/repository/com/google/guava/guava/27.1-jre/guava-27.1-jre.jar:/home/ch61/.m2/repository/com/google/guava/failureaccess/1.0.1/failureaccess-1.0.1.jar:/home/ch61/.m2/repository/com/google/guava/listenablefuture/9999.0-empty-to-avoid-conflict-with-guava/listenablefuture-9999.0-empty-to-avoid-conflict-with-guava.jar:/home/ch61/.m2/repository/com/google/code/findbugs/jsr305/3.0.2/jsr305-3.0.2.jar:/home/ch61/.m2/repository/org/checkerframework/checker-qual/2.5.2/checker-qual-2.5.2.jar:/home/ch61/.m2/repository/com/google/errorprone/error_prone_annotations/2.2.0/error_prone_annotations-2.2.0.jar:/home/ch61/.m2/repository/com/google/j2objc/j2objc-annotations/1.1/j2objc-annotations-1.1.jar:/home/ch61/.m2/repository/org/codehaus/mojo/animal-sniffer-annotations/1.17/animal-sniffer-annotations-1.17.jar:/home/ch61/.m2/repository/com/google/inject/extensions/guice-multibindings/4.2.3/guice-multibindings-4.2.3.jar:/home/ch61/.m2/repository/commons-beanutils/commons-beanutils/1.9.4/commons-beanutils-1.9.4.jar:/home/ch61/.m2/repository/commons-collections/commons-collections/3.2.2/commons-collections-3.2.2.jar:/home/ch61/.m2/repository/com/google/inject/extensions/guice-servlet/4.2.3/guice-servlet-4.2.3.jar:/home/ch61/.m2/repository/org/slf4j/jcl-over-slf4j/1.7.26/jcl-over-slf4j-1.7.26.jar:/home/ch61/shiro/support/guice/target/test-classes:/home/ch61/.m2/repository/net/sourceforge/htmlunit/htmlunit/2.39.0/htmlunit-2.39.0.jar:/home/ch61/.m2/repository/xalan/xalan/2.7.2/xalan-2.7.2.jar:/home/ch61/.m2/repository/xalan/serializer/2.7.2/serializer-2.7.2.jar:/home/ch61/.m2/repository/org/apache/commons/commons-lang3/3.10/commons-lang3-3.10.jar:/home/ch61/.m2/repository/org/apache/commons/commons-text/1.8/commons-text-1.8.jar:/home/ch61/.m2/repository/org/apache/httpcomponents/httpmime/4.5.12/httpmime-4.5.12.jar:/home/ch61/.m2/repository/org/apache/httpcomponents/httpclient/4.5.12/httpclient-4.5.12.jar:/home/ch61/.m2/repository/org/apache/httpcomponents/httpcore/4.4.13/httpcore-4.4.13.jar:/home/ch61/.m2/repository/commons-codec/commons-codec/1.11/commons-codec-1.11.jar:/home/ch61/.m2/repository/net/sourceforge/htmlunit/htmlunit-core-js/2.39.0/htmlunit-core-js-2.39.0.jar:/home/ch61/.m2/repository/net/sourceforge/htmlunit/neko-htmlunit/2.39.0/neko-htmlunit-2.39.0.jar:/home/ch61/.m2/repository/xerces/xercesImpl/2.12.0/xercesImpl-2.12.0.jar:/home/ch61/.m2/repository/xml-apis/xml-apis/1.4.01/xml-apis-1.4.01.jar:/home/ch61/.m2/repository/net/sourceforge/htmlunit/htmlunit-cssparser/1.5.0/htmlunit-cssparser-1.5.0.jar:/home/ch61/.m2/repository/commons-io/commons-io/2.6/commons-io-2.6.jar:/home/ch61/.m2/repository/commons-logging/commons-logging/1.2/commons-logging-1.2.jar:/home/ch61/.m2/repository/commons-net/commons-net/3.6/commons-net-3.6.jar:/home/ch61/.m2/repository/org/brotli/dec/0.1.2/dec-0.1.2.jar:/home/ch61/.m2/repository/org/eclipse/jetty/websocket/websocket-client/9.4.27.v20200227/websocket-client-9.4.27.v20200227.jar:/home/ch61/.m2/repository/org/eclipse/jetty/jetty-client/9.4.27.v20200227/jetty-client-9.4.27.v20200227.jar:/home/ch61/.m2/repository/org/eclipse/jetty/jetty-xml/9.4.27.v20200227/jetty-xml-9.4.27.v20200227.jar:/home/ch61/.m2/repository/org/eclipse/jetty/jetty-io/9.4.27.v20200227/jetty-io-9.4.27.v20200227.jar:/home/ch61/.m2/repository/org/eclipse/jetty/websocket/websocket-common/9.4.27.v20200227/websocket-common-9.4.27.v20200227.jar:/home/ch61/.m2/repository/org/eclipse/jetty/websocket/websocket-api/9.4.27.v20200227/websocket-api-9.4.27.v20200227.jar:/home/ch61/.m2/repository/org/eclipse/jetty/apache-jsp/9.4.34.v20201102/apache-jsp-9.4.34.v20201102.jar:/home/ch61/.m2/repository/org/eclipse/jetty/jetty-util/9.4.34.v20201102/jetty-util-9.4.34.v20201102.jar:/home/ch61/.m2/repository/org/eclipse/jetty/toolchain/jetty-schemas/3.1.2/jetty-schemas-3.1.2.jar:/home/ch61/.m2/repository/org/mortbay/jasper/apache-jsp/8.5.54/apache-jsp-8.5.54.jar:/home/ch61/.m2/repository/org/mortbay/jasper/apache-el/8.5.54/apache-el-8.5.54.jar:/home/ch61/.m2/repository/org/eclipse/jdt/ecj/3.19.0/ecj-3.19.0.jar:/home/ch61/.m2/repository/org/eclipse/jetty/jetty-annotations/9.4.34.v20201102/jetty-annotations-9.4.34.v20201102.jar:/home/ch61/.m2/repository/org/eclipse/jetty/jetty-plus/9.4.34.v20201102/jetty-plus-9.4.34.v20201102.jar:/home/ch61/.m2/repository/org/eclipse/jetty/jetty-jndi/9.4.34.v20201102/jetty-jndi-9.4.34.v20201102.jar:/home/ch61/.m2/repository/org/ow2/asm/asm/9.0/asm-9.0.jar:/home/ch61/.m2/repository/org/ow2/asm/asm-commons/9.0/asm-commons-9.0.jar:/home/ch61/.m2/repository/org/ow2/asm/asm-tree/9.0/asm-tree-9.0.jar:/home/ch61/.m2/repository/org/ow2/asm/asm-analysis/9.0/asm-analysis-9.0.jar:/home/ch61/shiro/integration-tests/support/target/classes:/home/ch61/.m2/repository/org/eclipse/jetty/jetty-server/9.4.34.v20201102/jetty-server-9.4.34.v20201102.jar:/home/ch61/.m2/repository/org/eclipse/jetty/jetty-http/9.4.34.v20201102/jetty-http-9.4.34.v20201102.jar:/home/ch61/.m2/repository/org/eclipse/jetty/jetty-webapp/9.4.34.v20201102/jetty-webapp-9.4.34.v20201102.jar:/home/ch61/.m2/repository/org/eclipse/jetty/jetty-servlet/9.4.34.v20201102/jetty-servlet-9.4.34.v20201102.jar:/home/ch61/.m2/repository/org/eclipse/jetty/jetty-security/9.4.34.v20201102/jetty-security-9.4.34.v20201102.jar:/home/ch61/.m2/repository/com/github/mjeanroy/junit-servers-jetty/0.11.0/junit-servers-jetty-0.11.0.jar:/home/ch61/.m2/repository/com/github/mjeanroy/junit-servers-core/0.11.0/junit-servers-core-0.11.0.jar:/home/ch61/.m2/repository/org/junit/jupiter/junit-jupiter-api/5.8.1/junit-jupiter-api-5.8.1.jar:/home/ch61/.m2/repository/org/opentest4j/opentest4j/1.2.0/opentest4j-1.2.0.jar:/home/ch61/.m2/repository/org/junit/platform/junit-platform-commons/1.8.1/junit-platform-commons-1.8.1.jar:/home/ch61/.m2/repository/org/apiguardian/apiguardian-api/1.1.2/apiguardian-api-1.1.2.jar:/home/ch61/.m2/repository/org/junit/jupiter/junit-jupiter-engine/5.8.1/junit-jupiter-engine-5.8.1.jar:/home/ch61/.m2/repository/org/junit/platform/junit-platform-engine/1.8.1/junit-platform-engine-1.8.1.jar:/home/ch61/.m2/repository/org/junit/vintage/junit-vintage-engine/5.8.1/junit-vintage-engine-5.8.1.jar:/home/ch61/.m2/repository/junit/junit/4.13.2/junit-4.13.2.jar:/home/ch61/.m2/repository/org/hamcrest/hamcrest-core/2.1/hamcrest-core-2.1.jar:/home/ch61/.m2/repository/org/hamcrest/hamcrest/2.1/hamcrest-2.1.jar:/home/ch61/.m2/repository/org/easymock/easymock/4.0.2/easymock-4.0.2.jar:/home/ch61/.m2/repository/org/objenesis/objenesis/3.0.1/objenesis-3.0.1.jar:/home/ch61/.m2/repository/org/mockito/mockito-core/3.12.4/mockito-core-3.12.4.jar:/home/ch61/.m2/repository/net/bytebuddy/byte-buddy/1.11.13/byte-buddy-1.11.13.jar:/home/ch61/.m2/repository/net/bytebuddy/byte-buddy-agent/1.11.13/byte-buddy-agent-1.11.13.jar:/home/ch61/.m2/repository/org/codehaus/groovy/groovy/3.0.9/groovy-3.0.9.jar:"/>
    <property name="java.vm.vendor" value="Private Build"/>
    <property name="nondexPrintstack" value="false"/>
    <property name="sun.arch.data.model" value="64"/>
    <property name="java.vendor.url" value="http://java.oracle.com/"/>
    <property name="user.timezone" value="America/Chicago"/>
    <property name="os.name" value="Linux"/>
    <property name="java.vm.specification.version" value="1.8"/>
    <property name="sun.java.launcher" value="SUN_STANDARD"/>
    <property name="sun.boot.library.path" value="/usr/lib/jvm/java-8-openjdk-amd64/jre/lib/amd64"/>
    <property name="nondexLogging" value="CONFIG"/>
    <property name="sun.java.command" value="/home/ch61/shiro/integration-tests/guice4/target/surefire/surefirebooter3032752506524250980.jar /home/ch61/shiro/integration-tests/guice4/target/surefire 2021-10-31T20-14-56_473-jvmRun1 surefire5373407057239545000tmp surefire_107356060122297399370tmp"/>
    <property name="surefire.test.class.path" value="/home/ch61/shiro/integration-tests/guice4/target/test-classes:/home/ch61/shiro/integration-tests/guice4/target/classes:/home/ch61/.m2/repository/org/apache/taglibs/taglibs-standard-spec/1.2.5/taglibs-standard-spec-1.2.5.jar:/home/ch61/.m2/repository/org/apache/taglibs/taglibs-standard-impl/1.2.5/taglibs-standard-impl-1.2.5.jar:/home/ch61/.m2/repository/javax/servlet/javax.servlet-api/3.1.0/javax.servlet-api-3.1.0.jar:/home/ch61/.m2/repository/org/slf4j/slf4j-log4j12/1.7.26/slf4j-log4j12-1.7.26.jar:/home/ch61/.m2/repository/org/slf4j/slf4j-api/1.7.26/slf4j-api-1.7.26.jar:/home/ch61/.m2/repository/log4j/log4j/1.2.17/log4j-1.2.17.jar:/home/ch61/shiro/core/target/classes:/home/ch61/shiro/lang/target/classes:/home/ch61/shiro/cache/target/classes:/home/ch61/shiro/crypto/hash/target/classes:/home/ch61/shiro/crypto/core/target/classes:/home/ch61/.m2/repository/org/bouncycastle/bcprov-jdk15on/1.68/bcprov-jdk15on-1.68.jar:/home/ch61/shiro/crypto/support/hashes/argon2/target/classes:/home/ch61/shiro/crypto/support/hashes/bcrypt/target/classes:/home/ch61/shiro/crypto/cipher/target/classes:/home/ch61/shiro/config/core/target/classes:/home/ch61/shiro/config/ogdl/target/classes:/home/ch61/shiro/event/target/classes:/home/ch61/shiro/web/target/classes:/home/ch61/.m2/repository/org/owasp/encoder/encoder/1.2.2/encoder-1.2.2.jar:/home/ch61/shiro/support/guice/target/classes:/home/ch61/.m2/repository/javax/annotation/javax.annotation-api/1.3.2/javax.annotation-api-1.3.2.jar:/home/ch61/.m2/repository/com/google/inject/guice/4.2.3/guice-4.2.3.jar:/home/ch61/.m2/repository/javax/inject/javax.inject/1/javax.inject-1.jar:/home/ch61/.m2/repository/aopalliance/aopalliance/1.0/aopalliance-1.0.jar:/home/ch61/.m2/repository/com/google/guava/guava/27.1-jre/guava-27.1-jre.jar:/home/ch61/.m2/repository/com/google/guava/failureaccess/1.0.1/failureaccess-1.0.1.jar:/home/ch61/.m2/repository/com/google/guava/listenablefuture/9999.0-empty-to-avoid-conflict-with-guava/listenablefuture-9999.0-empty-to-avoid-conflict-with-guava.jar:/home/ch61/.m2/repository/com/google/code/findbugs/jsr305/3.0.2/jsr305-3.0.2.jar:/home/ch61/.m2/repository/org/checkerframework/checker-qual/2.5.2/checker-qual-2.5.2.jar:/home/ch61/.m2/repository/com/google/errorprone/error_prone_annotations/2.2.0/error_prone_annotations-2.2.0.jar:/home/ch61/.m2/repository/com/google/j2objc/j2objc-annotations/1.1/j2objc-annotations-1.1.jar:/home/ch61/.m2/repository/org/codehaus/mojo/animal-sniffer-annotations/1.17/animal-sniffer-annotations-1.17.jar:/home/ch61/.m2/repository/com/google/inject/extensions/guice-multibindings/4.2.3/guice-multibindings-4.2.3.jar:/home/ch61/.m2/repository/commons-beanutils/commons-beanutils/1.9.4/commons-beanutils-1.9.4.jar:/home/ch61/.m2/repository/commons-collections/commons-collections/3.2.2/commons-collections-3.2.2.jar:/home/ch61/.m2/repository/com/google/inject/extensions/guice-servlet/4.2.3/guice-servlet-4.2.3.jar:/home/ch61/.m2/repository/org/slf4j/jcl-over-slf4j/1.7.26/jcl-over-slf4j-1.7.26.jar:/home/ch61/shiro/support/guice/target/test-classes:/home/ch61/.m2/repository/net/sourceforge/htmlunit/htmlunit/2.39.0/htmlunit-2.39.0.jar:/home/ch61/.m2/repository/xalan/xalan/2.7.2/xalan-2.7.2.jar:/home/ch61/.m2/repository/xalan/serializer/2.7.2/serializer-2.7.2.jar:/home/ch61/.m2/repository/org/apache/commons/commons-lang3/3.10/commons-lang3-3.10.jar:/home/ch61/.m2/repository/org/apache/commons/commons-text/1.8/commons-text-1.8.jar:/home/ch61/.m2/repository/org/apache/httpcomponents/httpmime/4.5.12/httpmime-4.5.12.jar:/home/ch61/.m2/repository/org/apache/httpcomponents/httpclient/4.5.12/httpclient-4.5.12.jar:/home/ch61/.m2/repository/org/apache/httpcomponents/httpcore/4.4.13/httpcore-4.4.13.jar:/home/ch61/.m2/repository/commons-codec/commons-codec/1.11/commons-codec-1.11.jar:/home/ch61/.m2/repository/net/sourceforge/htmlunit/htmlunit-core-js/2.39.0/htmlunit-core-js-2.39.0.jar:/home/ch61/.m2/repository/net/sourceforge/htmlunit/neko-htmlunit/2.39.0/neko-htmlunit-2.39.0.jar:/home/ch61/.m2/repository/xerces/xercesImpl/2.12.0/xercesImpl-2.12.0.jar:/home/ch61/.m2/repository/xml-apis/xml-apis/1.4.01/xml-apis-1.4.01.jar:/home/ch61/.m2/repository/net/sourceforge/htmlunit/htmlunit-cssparser/1.5.0/htmlunit-cssparser-1.5.0.jar:/home/ch61/.m2/repository/commons-io/commons-io/2.6/commons-io-2.6.jar:/home/ch61/.m2/repository/commons-logging/commons-logging/1.2/commons-logging-1.2.jar:/home/ch61/.m2/repository/commons-net/commons-net/3.6/commons-net-3.6.jar:/home/ch61/.m2/repository/org/brotli/dec/0.1.2/dec-0.1.2.jar:/home/ch61/.m2/repository/org/eclipse/jetty/websocket/websocket-client/9.4.27.v20200227/websocket-client-9.4.27.v20200227.jar:/home/ch61/.m2/repository/org/eclipse/jetty/jetty-client/9.4.27.v20200227/jetty-client-9.4.27.v20200227.jar:/home/ch61/.m2/repository/org/eclipse/jetty/jetty-xml/9.4.27.v20200227/jetty-xml-9.4.27.v20200227.jar:/home/ch61/.m2/repository/org/eclipse/jetty/jetty-io/9.4.27.v20200227/jetty-io-9.4.27.v20200227.jar:/home/ch61/.m2/repository/org/eclipse/jetty/websocket/websocket-common/9.4.27.v20200227/websocket-common-9.4.27.v20200227.jar:/home/ch61/.m2/repository/org/eclipse/jetty/websocket/websocket-api/9.4.27.v20200227/websocket-api-9.4.27.v20200227.jar:/home/ch61/.m2/repository/org/eclipse/jetty/apache-jsp/9.4.34.v20201102/apache-jsp-9.4.34.v20201102.jar:/home/ch61/.m2/repository/org/eclipse/jetty/jetty-util/9.4.34.v20201102/jetty-util-9.4.34.v20201102.jar:/home/ch61/.m2/repository/org/eclipse/jetty/toolchain/jetty-schemas/3.1.2/jetty-schemas-3.1.2.jar:/home/ch61/.m2/repository/org/mortbay/jasper/apache-jsp/8.5.54/apache-jsp-8.5.54.jar:/home/ch61/.m2/repository/org/mortbay/jasper/apache-el/8.5.54/apache-el-8.5.54.jar:/home/ch61/.m2/repository/org/eclipse/jdt/ecj/3.19.0/ecj-3.19.0.jar:/home/ch61/.m2/repository/org/eclipse/jetty/jetty-annotations/9.4.34.v20201102/jetty-annotations-9.4.34.v20201102.jar:/home/ch61/.m2/repository/org/eclipse/jetty/jetty-plus/9.4.34.v20201102/jetty-plus-9.4.34.v20201102.jar:/home/ch61/.m2/repository/org/eclipse/jetty/jetty-jndi/9.4.34.v20201102/jetty-jndi-9.4.34.v20201102.jar:/home/ch61/.m2/repository/org/ow2/asm/asm/9.0/asm-9.0.jar:/home/ch61/.m2/repository/org/ow2/asm/asm-commons/9.0/asm-commons-9.0.jar:/home/ch61/.m2/repository/org/ow2/asm/asm-tree/9.0/asm-tree-9.0.jar:/home/ch61/.m2/repository/org/ow2/asm/asm-analysis/9.0/asm-analysis-9.0.jar:/home/ch61/shiro/integration-tests/support/target/classes:/home/ch61/.m2/repository/org/eclipse/jetty/jetty-server/9.4.34.v20201102/jetty-server-9.4.34.v20201102.jar:/home/ch61/.m2/repository/org/eclipse/jetty/jetty-http/9.4.34.v20201102/jetty-http-9.4.34.v20201102.jar:/home/ch61/.m2/repository/org/eclipse/jetty/jetty-webapp/9.4.34.v20201102/jetty-webapp-9.4.34.v20201102.jar:/home/ch61/.m2/repository/org/eclipse/jetty/jetty-servlet/9.4.34.v20201102/jetty-servlet-9.4.34.v20201102.jar:/home/ch61/.m2/repository/org/eclipse/jetty/jetty-security/9.4.34.v20201102/jetty-security-9.4.34.v20201102.jar:/home/ch61/.m2/repository/com/github/mjeanroy/junit-servers-jetty/0.11.0/junit-servers-jetty-0.11.0.jar:/home/ch61/.m2/repository/com/github/mjeanroy/junit-servers-core/0.11.0/junit-servers-core-0.11.0.jar:/home/ch61/.m2/repository/org/junit/jupiter/junit-jupiter-api/5.8.1/junit-jupiter-api-5.8.1.jar:/home/ch61/.m2/repository/org/opentest4j/opentest4j/1.2.0/opentest4j-1.2.0.jar:/home/ch61/.m2/repository/org/junit/platform/junit-platform-commons/1.8.1/junit-platform-commons-1.8.1.jar:/home/ch61/.m2/repository/org/apiguardian/apiguardian-api/1.1.2/apiguardian-api-1.1.2.jar:/home/ch61/.m2/repository/org/junit/jupiter/junit-jupiter-engine/5.8.1/junit-jupiter-engine-5.8.1.jar:/home/ch61/.m2/repository/org/junit/platform/junit-platform-engine/1.8.1/junit-platform-engine-1.8.1.jar:/home/ch61/.m2/repository/org/junit/vintage/junit-vintage-engine/5.8.1/junit-vintage-engine-5.8.1.jar:/home/ch61/.m2/repository/junit/junit/4.13.2/junit-4.13.2.jar:/home/ch61/.m2/repository/org/hamcrest/hamcrest-core/2.1/hamcrest-core-2.1.jar:/home/ch61/.m2/repository/org/hamcrest/hamcrest/2.1/hamcrest-2.1.jar:/home/ch61/.m2/repository/org/easymock/easymock/4.0.2/easymock-4.0.2.jar:/home/ch61/.m2/repository/org/objenesis/objenesis/3.0.1/objenesis-3.0.1.jar:/home/ch61/.m2/repository/org/mockito/mockito-core/3.12.4/mockito-core-3.12.4.jar:/home/ch61/.m2/repository/net/bytebuddy/byte-buddy/1.11.13/byte-buddy-1.11.13.jar:/home/ch61/.m2/repository/net/bytebuddy/byte-buddy-agent/1.11.13/byte-buddy-agent-1.11.13.jar:/home/ch61/.m2/repository/org/codehaus/groovy/groovy/3.0.9/groovy-3.0.9.jar:"/>
    <property name="nondexExecid" value="xohhBaPCtxy0d4+ZsBhcfKk+RungXnVCzTBwfxXTaY="/>
    <property name="sun.cpu.endian" value="little"/>
    <property name="user.home" value="/home/ch61"/>
    <property name="user.language" value="en"/>
    <property name="java.specification.vendor" value="Oracle Corporation"/>
    <property name="java.home" value="/usr/lib/jvm/java-8-openjdk-amd64/jre"/>
    <property name="file.separator" value="/"/>
    <property name="basedir" value="/home/ch61/shiro/integration-tests/guice4"/>
    <property name="line.separator" value="&#10;"/>
    <property name="nondexEnd" value="9223372036854775807"/>
    <property name="java.vm.specification.vendor" value="Oracle Corporation"/>
    <property name="java.specification.name" value="Java Platform API Specification"/>
    <property name="java.awt.graphicsenv" value="sun.awt.X11GraphicsEnvironment"/>
    <property name="nondexFilter" value=".*"/>
    <property name="nondexSeed" value="974622"/>
    <property name="surefire.real.class.path" value="/home/ch61/shiro/integration-tests/guice4/target/surefire/surefirebooter3032752506524250980.jar"/>
    <property name="sun.boot.class.path" value="/home/ch61/shiro/integration-tests/guice4/.nondex/nondex-instr.jar:/home/ch61/.m2/repository/edu/illinois/nondex-common/1.1.2/nondex-common-1.1.2.jar:/home/ch61/.m2/repository/edu/illinois/nondex-annotations/1.1.2/nondex-annotations-1.1.2.jar:/usr/lib/jvm/java-8-openjdk-amd64/jre/lib/resources.jar:/usr/lib/jvm/java-8-openjdk-amd64/jre/lib/rt.jar:/usr/lib/jvm/java-8-openjdk-amd64/jre/lib/sunrsasign.jar:/usr/lib/jvm/java-8-openjdk-amd64/jre/lib/jsse.jar:/usr/lib/jvm/java-8-openjdk-amd64/jre/lib/jce.jar:/usr/lib/jvm/java-8-openjdk-amd64/jre/lib/charsets.jar:/usr/lib/jvm/java-8-openjdk-amd64/jre/lib/jfr.jar:/usr/lib/jvm/java-8-openjdk-amd64/jre/classes"/>
    <property name="sun.management.compiler" value="HotSpot 64-Bit Tiered Compilers"/>
    <property name="java.runtime.version" value="1.8.0_292-8u292-b10-0ubuntu1~18.04-b10"/>
    <property name="user.name" value="ch61"/>
    <property name="path.separator" value=":"/>
    <property name="os.version" value="4.15.0-161-generic"/>
    <property name="java.endorsed.dirs" value="/usr/lib/jvm/java-8-openjdk-amd64/jre/lib/endorsed"/>
    <property name="java.runtime.name" value="OpenJDK Runtime Environment"/>
    <property name="file.encoding" value="UTF-8"/>
    <property name="java.vm.name" value="OpenJDK 64-Bit Server VM"/>
    <property name="localRepository" value="/home/ch61/.m2/repository"/>
    <property name="nondexDir" value="/home/ch61/shiro/integration-tests/guice4/.nondex"/>
    <property name="java.vendor.url.bug" value="http://bugreport.sun.com/bugreport/"/>
    <property name="nondexJarDir" value="/home/ch61/shiro/integration-tests/guice4/.nondex"/>
    <property name="java.io.tmpdir" value="/tmp"/>
    <property name="java.version" value="1.8.0_292"/>
    <property name="user.dir" value="/home/ch61/shiro/integration-tests/guice4"/>
    <property name="os.arch" value="amd64"/>
    <property name="nondexMode" value="FULL"/>
    <property name="java.vm.specification.name" value="Java Virtual Machine Specification"/>
    <property name="java.awt.printerjob" value="sun.print.PSPrinterJob"/>
    <property name="sun.os.patch.level" value="unknown"/>
    <property name="java.library.path" value="/usr/java/packages/lib/amd64:/usr/lib/x86_64-linux-gnu/jni:/lib/x86_64-linux-gnu:/usr/lib/x86_64-linux-gnu:/usr/lib/jni:/lib:/usr/lib"/>
    <property name="java.vendor" value="Private Build"/>
    <property name="java.vm.info" value="mixed mode"/>
    <property name="java.vm.version" value="25.292-b10"/>
    <property name="java.ext.dirs" value="/usr/lib/jvm/java-8-openjdk-amd64/jre/lib/ext:/usr/java/packages/lib/ext"/>
    <property name="sun.io.unicode.encoding" value="UnicodeLittle"/>
    <property name="java.class.version" value="52.0"/>
  </properties>
  <testcase name="testAfterInjection" classname="org.apache.shiro.guice.InitializableInjectionListenerTest" time="0.003"/>
</testsuite>