<?xml version="1.0" encoding="UTF-8"?>
<testsuite xmlns:xsi="http://www.w3.org/2001/XMLSchema-instance" xsi:noNamespaceSchemaLocation="https://maven.apache.org/surefire/maven-surefire-plugin/xsd/surefire-test-report-3.0.xsd" version="3.0" name="org.apache.shiro.web.mgt.CookieRememberMeManagerTest" time="0.037" tests="7" errors="0" skipped="0" failures="0">
  <properties>
    <property name="awt.toolkit" value="sun.awt.X11.XToolkit"/>
    <property name="file.encoding.pkg" value="sun.io"/>
    <property name="nondexStart" value="0"/>
    <property name="java.specification.version" value="1.8"/>
    <property name="sun.cpu.isalist" value=""/>
    <property name="sun.jnu.encoding" value="UTF-8"/>
    <property name="java.class.path" value="/home/ch61/shiro/web/target/test-classes:/home/ch61/shiro/web/target/classes:/home/ch61/shiro/core/target/classes:/home/ch61/shiro/lang/target/classes:/home/ch61/shiro/cache/target/classes:/home/ch61/shiro/crypto/hash/target/classes:/home/ch61/shiro/crypto/core/target/classes:/home/ch61/.m2/repository/org/bouncycastle/bcprov-jdk15on/1.68/bcprov-jdk15on-1.68.jar:/home/ch61/shiro/crypto/support/hashes/argon2/target/classes:/home/ch61/shiro/crypto/support/hashes/bcrypt/target/classes:/home/ch61/shiro/crypto/cipher/target/classes:/home/ch61/shiro/config/core/target/classes:/home/ch61/shiro/config/ogdl/target/classes:/home/ch61/shiro/event/target/classes:/home/ch61/.m2/repository/javax/servlet/jsp/jsp-api/2.1/jsp-api-2.1.jar:/home/ch61/.m2/repository/org/apache/taglibs/taglibs-standard-spec/1.2.5/taglibs-standard-spec-1.2.5.jar:/home/ch61/.m2/repository/org/apache/taglibs/taglibs-standard-impl/1.2.5/taglibs-standard-impl-1.2.5.jar:/home/ch61/.m2/repository/javax/servlet/javax.servlet-api/3.1.0/javax.servlet-api-3.1.0.jar:/home/ch61/.m2/repository/org/owasp/encoder/encoder/1.2.2/encoder-1.2.2.jar:/home/ch61/shiro/config/ogdl/target/test-classes:/home/ch61/.m2/repository/commons-beanutils/commons-beanutils/1.9.4/commons-beanutils-1.9.4.jar:/home/ch61/.m2/repository/commons-collections/commons-collections/3.2.2/commons-collections-3.2.2.jar:/home/ch61/.m2/repository/org/slf4j/slf4j-api/1.7.26/slf4j-api-1.7.26.jar:/home/ch61/shiro/core/target/test-classes:/home/ch61/.m2/repository/org/slf4j/jcl-over-slf4j/1.7.26/jcl-over-slf4j-1.7.26.jar:/home/ch61/.m2/repository/org/slf4j/slf4j-log4j12/1.7.26/slf4j-log4j12-1.7.26.jar:/home/ch61/.m2/repository/log4j/log4j/1.2.17/log4j-1.2.17.jar:/home/ch61/.m2/repository/org/junit/jupiter/junit-jupiter-api/5.8.1/junit-jupiter-api-5.8.1.jar:/home/ch61/.m2/repository/org/opentest4j/opentest4j/1.2.0/opentest4j-1.2.0.jar:/home/ch61/.m2/repository/org/junit/platform/junit-platform-commons/1.8.1/junit-platform-commons-1.8.1.jar:/home/ch61/.m2/repository/org/apiguardian/apiguardian-api/1.1.2/apiguardian-api-1.1.2.jar:/home/ch61/.m2/repository/org/junit/jupiter/junit-jupiter-engine/5.8.1/junit-jupiter-engine-5.8.1.jar:/home/ch61/.m2/repository/org/junit/platform/junit-platform-engine/1.8.1/junit-platform-engine-1.8.1.jar:/home/ch61/.m2/repository/org/junit/vintage/junit-vintage-engine/5.8.1/junit-vintage-engine-5.8.1.jar:/home/ch61/.m2/repository/junit/junit/4.13.2/junit-4.13.2.jar:/home/ch61/.m2/repository/org/hamcrest/hamcrest-core/2.1/hamcrest-core-2.1.jar:/home/ch61/.m2/repository/org/hamcrest/hamcrest/2.1/hamcrest-2.1.jar:/home/ch61/.m2/repository/org/easymock/easymock/4.0.2/easymock-4.0.2.jar:/home/ch61/.m2/repository/org/objenesis/objenesis/3.0.1/objenesis-3.0.1.jar:/home/ch61/.m2/repository/org/mockito/mockito-core/3.12.4/mockito-core-3.12.4.jar:/home/ch61/.m2/repository/net/bytebuddy/byte-buddy/1.11.13/byte-buddy-1.11.13.jar:/home/ch61/.m2/repository/net/bytebuddy/byte-buddy-agent/1.11.13/byte-buddy-agent-1.11.13.jar:/home/ch61/.m2/repository/org/codehaus/groovy/groovy/3.0.9/groovy-3.0.9.jar:"/>
    <property name="java.vm.vendor" value="Private Build"/>
    <property name="nondexPrintstack" value="false"/>
    <property name="sun.arch.data.model" value="64"/>
    <property name="java.vendor.url" value="http://java.oracle.com/"/>
    <property name="user.timezone" value="America/Chicago"/>
    <property name="java.vm.specification.version" value="1.8"/>
    <property name="os.name" value="Linux"/>
    <property name="sun.java.launcher" value="SUN_STANDARD"/>
    <property name="sun.boot.library.path" value="/usr/lib/jvm/java-8-openjdk-amd64/jre/lib/amd64"/>
    <property name="sun.java.command" value="/home/ch61/shiro/web/target/surefire/surefirebooter8578693301999853081.jar /home/ch61/shiro/web/target/surefire 2021-10-31T20-14-59_495-jvmRun1 surefire4639464683019384486tmp surefire_329009694070960412492tmp"/>
    <property name="nondexLogging" value="CONFIG"/>
    <property name="surefire.test.class.path" value="/home/ch61/shiro/web/target/test-classes:/home/ch61/shiro/web/target/classes:/home/ch61/shiro/core/target/classes:/home/ch61/shiro/lang/target/classes:/home/ch61/shiro/cache/target/classes:/home/ch61/shiro/crypto/hash/target/classes:/home/ch61/shiro/crypto/core/target/classes:/home/ch61/.m2/repository/org/bouncycastle/bcprov-jdk15on/1.68/bcprov-jdk15on-1.68.jar:/home/ch61/shiro/crypto/support/hashes/argon2/target/classes:/home/ch61/shiro/crypto/support/hashes/bcrypt/target/classes:/home/ch61/shiro/crypto/cipher/target/classes:/home/ch61/shiro/config/core/target/classes:/home/ch61/shiro/config/ogdl/target/classes:/home/ch61/shiro/event/target/classes:/home/ch61/.m2/repository/javax/servlet/jsp/jsp-api/2.1/jsp-api-2.1.jar:/home/ch61/.m2/repository/org/apache/taglibs/taglibs-standard-spec/1.2.5/taglibs-standard-spec-1.2.5.jar:/home/ch61/.m2/repository/org/apache/taglibs/taglibs-standard-impl/1.2.5/taglibs-standard-impl-1.2.5.jar:/home/ch61/.m2/repository/javax/servlet/javax.servlet-api/3.1.0/javax.servlet-api-3.1.0.jar:/home/ch61/.m2/repository/org/owasp/encoder/encoder/1.2.2/encoder-1.2.2.jar:/home/ch61/shiro/config/ogdl/target/test-classes:/home/ch61/.m2/repository/commons-beanutils/commons-beanutils/1.9.4/commons-beanutils-1.9.4.jar:/home/ch61/.m2/repository/commons-collections/commons-collections/3.2.2/commons-collections-3.2.2.jar:/home/ch61/.m2/repository/org/slf4j/slf4j-api/1.7.26/slf4j-api-1.7.26.jar:/home/ch61/shiro/core/target/test-classes:/home/ch61/.m2/repository/org/slf4j/jcl-over-slf4j/1.7.26/jcl-over-slf4j-1.7.26.jar:/home/ch61/.m2/repository/org/slf4j/slf4j-log4j12/1.7.26/slf4j-log4j12-1.7.26.jar:/home/ch61/.m2/repository/log4j/log4j/1.2.17/log4j-1.2.17.jar:/home/ch61/.m2/repository/org/junit/jupiter/junit-jupiter-api/5.8.1/junit-jupiter-api-5.8.1.jar:/home/ch61/.m2/repository/org/opentest4j/opentest4j/1.2.0/opentest4j-1.2.0.jar:/home/ch61/.m2/repository/org/junit/platform/junit-platform-commons/1.8.1/junit-platform-commons-1.8.1.jar:/home/ch61/.m2/repository/org/apiguardian/apiguardian-api/1.1.2/apiguardian-api-1.1.2.jar:/home/ch61/.m2/repository/org/junit/jupiter/junit-jupiter-engine/5.8.1/junit-jupiter-engine-5.8.1.jar:/home/ch61/.m2/repository/org/junit/platform/junit-platform-engine/1.8.1/junit-platform-engine-1.8.1.jar:/home/ch61/.m2/repository/org/junit/vintage/junit-vintage-engine/5.8.1/junit-vintage-engine-5.8.1.jar:/home/ch61/.m2/repository/junit/junit/4.13.2/junit-4.13.2.jar:/home/ch61/.m2/repository/org/hamcrest/hamcrest-core/2.1/hamcrest-core-2.1.jar:/home/ch61/.m2/repository/org/hamcrest/hamcrest/2.1/hamcrest-2.1.jar:/home/ch61/.m2/repository/org/easymock/easymock/4.0.2/easymock-4.0.2.jar:/home/ch61/.m2/repository/org/objenesis/objenesis/3.0.1/objenesis-3.0.1.jar:/home/ch61/.m2/repository/org/mockito/mockito-core/3.12.4/mockito-core-3.12.4.jar:/home/ch61/.m2/repository/net/bytebuddy/byte-buddy/1.11.13/byte-buddy-1.11.13.jar:/home/ch61/.m2/repository/net/bytebuddy/byte-buddy-agent/1.11.13/byte-buddy-agent-1.11.13.jar:/home/ch61/.m2/repository/org/codehaus/groovy/groovy/3.0.9/groovy-3.0.9.jar:"/>
    <property name="nondexExecid" value="clean_gPyhr20dGs3uklUpyaFKmY8fY4WTGtxrQBAj2uITEo="/>
    <property name="sun.cpu.endian" value="little"/>
    <property name="user.home" value="/home/ch61"/>
    <property name="user.language" value="en"/>
    <property name="java.specification.vendor" value="Oracle Corporation"/>
    <property name="java.home" value="/usr/lib/jvm/java-8-openjdk-amd64/jre"/>
    <property name="basedir" value="/home/ch61/shiro/web"/>
    <property name="file.separator" value="/"/>
    <property name="nondexEnd" value="9223372036854775807"/>
    <property name="line.separator" value="&#10;"/>
    <property name="java.vm.specification.vendor" value="Oracle Corporation"/>
    <property name="java.specification.name" value="Java Platform API Specification"/>
    <property name="java.awt.graphicsenv" value="sun.awt.X11GraphicsEnvironment"/>
    <property name="nondexFilter" value=".*"/>
    <property name="nondexSeed" value="933178"/>
    <property name="surefire.real.class.path" value="/home/ch61/shiro/web/target/surefire/surefirebooter8578693301999853081.jar"/>
    <property name="sun.boot.class.path" value="/usr/lib/jvm/java-8-openjdk-amd64/jre/lib/resources.jar:/usr/lib/jvm/java-8-openjdk-amd64/jre/lib/rt.jar:/usr/lib/jvm/java-8-openjdk-amd64/jre/lib/sunrsasign.jar:/usr/lib/jvm/java-8-openjdk-amd64/jre/lib/jsse.jar:/usr/lib/jvm/java-8-openjdk-amd64/jre/lib/jce.jar:/usr/lib/jvm/java-8-openjdk-amd64/jre/lib/charsets.jar:/usr/lib/jvm/java-8-openjdk-amd64/jre/lib/jfr.jar:/usr/lib/jvm/java-8-openjdk-amd64/jre/classes"/>
    <property name="sun.management.compiler" value="HotSpot 64-Bit Tiered Compilers"/>
    <property name="java.runtime.version" value="1.8.0_292-8u292-b10-0ubuntu1~18.04-b10"/>
    <property name="user.name" value="ch61"/>
    <property name="path.separator" value=":"/>
    <property name="os.version" value="4.15.0-161-generic"/>
    <property name="java.endorsed.dirs" value="/usr/lib/jvm/java-8-openjdk-amd64/jre/lib/endorsed"/>
    <property name="java.runtime.name" value="OpenJDK Runtime Environment"/>
    <property name="file.encoding" value="UTF-8"/>
    <property name="java.vm.name" value="OpenJDK 64-Bit Server VM"/>
    <property name="localRepository" value="/home/ch61/.m2/repository"/>
    <property name="nondexDir" value="/home/ch61/shiro/web/.nondex"/>
    <property name="nondexJarDir" value=".nondex"/>
    <property name="java.vendor.url.bug" value="http://bugreport.sun.com/bugreport/"/>
    <property name="java.io.tmpdir" value="/tmp"/>
    <property name="java.version" value="1.8.0_292"/>
    <property name="user.dir" value="/home/ch61/shiro/web"/>
    <property name="os.arch" value="amd64"/>
    <property name="nondexMode" value="FULL"/>
    <property name="java.vm.specification.name" value="Java Virtual Machine Specification"/>
    <property name="java.awt.printerjob" value="sun.print.PSPrinterJob"/>
    <property name="sun.os.patch.level" value="unknown"/>
    <property name="java.library.path" value="/usr/java/packages/lib/amd64:/usr/lib/x86_64-linux-gnu/jni:/lib/x86_64-linux-gnu:/usr/lib/x86_64-linux-gnu:/usr/lib/jni:/lib:/usr/lib"/>
    <property name="java.vm.info" value="mixed mode"/>
    <property name="java.vendor" value="Private Build"/>
    <property name="java.vm.version" value="25.292-b10"/>
    <property name="java.ext.dirs" value="/usr/lib/jvm/java-8-openjdk-amd64/jre/lib/ext:/usr/java/packages/lib/ext"/>
    <property name="sun.io.unicode.encoding" value="UnicodeLittle"/>
    <property name="java.class.version" value="52.0"/>
  </properties>
  <testcase name="getRememberedSerializedIdentityReturnsNullForDeletedCookie" classname="org.apache.shiro.web.mgt.CookieRememberMeManagerTest" time="0.001"/>
  <testcase name="getRememberedPrincipalsDecryptionError" classname="org.apache.shiro.web.mgt.CookieRememberMeManagerTest" time="0.004">
    <system-out><![CDATA[2021-10-31 20:19:50,460 WARN [org.apache.shiro.web.mgt.CookieRememberMeManager] - Unable to decode existing base64 encoded entity: [garbage===]. 
java.lang.IllegalArgumentException: Input byte array has incorrect ending byte at 8
	at java.util.Base64$Decoder.decode0(Base64.java:742)
	at java.util.Base64$Decoder.decode(Base64.java:526)
	at org.apache.shiro.lang.codec.Base64.decode(Base64.java:104)
	at org.apache.shiro.lang.codec.Base64.decode(Base64.java:94)
	at org.apache.shiro.web.mgt.CookieRememberMeManager.getRememberedSerializedIdentity(CookieRememberMeManager.java:217)
	at org.apache.shiro.mgt.AbstractRememberMeManager.getRememberedPrincipals(AbstractRememberMeManager.java:385)
	at org.apache.shiro.web.mgt.CookieRememberMeManagerTest.getRememberedPrincipalsDecryptionError(CookieRememberMeManagerTest.java:214)
	at sun.reflect.NativeMethodAccessorImpl.invoke0(Native Method)
	at sun.reflect.NativeMethodAccessorImpl.invoke(NativeMethodAccessorImpl.java:62)
	at sun.reflect.DelegatingMethodAccessorImpl.invoke(DelegatingMethodAccessorImpl.java:43)
	at java.lang.reflect.Method.invoke(Method.java:498)
	at org.junit.runners.model.FrameworkMethod$1.runReflectiveCall(FrameworkMethod.java:59)
	at org.junit.internal.runners.model.ReflectiveCallable.run(ReflectiveCallable.java:12)
	at org.junit.runners.model.FrameworkMethod.invokeExplosively(FrameworkMethod.java:56)
	at org.junit.internal.runners.statements.InvokeMethod.evaluate(InvokeMethod.java:17)
	at org.junit.runners.ParentRunner$3.evaluate(ParentRunner.java:306)
	at org.junit.runners.BlockJUnit4ClassRunner$1.evaluate(BlockJUnit4ClassRunner.java:100)
	at org.junit.runners.ParentRunner.runLeaf(ParentRunner.java:366)
	at org.junit.runners.BlockJUnit4ClassRunner.runChild(BlockJUnit4ClassRunner.java:103)
	at org.junit.runners.BlockJUnit4ClassRunner.runChild(BlockJUnit4ClassRunner.java:63)
	at org.junit.runners.ParentRunner$4.run(ParentRunner.java:331)
	at org.junit.runners.ParentRunner$1.schedule(ParentRunner.java:79)
	at org.junit.runners.ParentRunner.runChildren(ParentRunner.java:329)
	at org.junit.runners.ParentRunner.access$100(ParentRunner.java:66)
	at org.junit.runners.ParentRunner$2.evaluate(ParentRunner.java:293)
	at org.junit.runners.ParentRunner$3.evaluate(ParentRunner.java:306)
	at org.junit.runners.ParentRunner.run(ParentRunner.java:413)
	at org.junit.runner.JUnitCore.run(JUnitCore.java:137)
	at org.junit.runner.JUnitCore.run(JUnitCore.java:115)
	at org.junit.vintage.engine.execution.RunnerExecutor.execute(RunnerExecutor.java:42)
	at org.junit.vintage.engine.VintageTestEngine.executeAllChildren(VintageTestEngine.java:80)
	at org.junit.vintage.engine.VintageTestEngine.execute(VintageTestEngine.java:72)
	at org.junit.platform.launcher.core.EngineExecutionOrchestrator.execute(EngineExecutionOrchestrator.java:107)
	at org.junit.platform.launcher.core.EngineExecutionOrchestrator.execute(EngineExecutionOrchestrator.java:88)
	at org.junit.platform.launcher.core.EngineExecutionOrchestrator.lambda$execute$0(EngineExecutionOrchestrator.java:54)
	at org.junit.platform.launcher.core.EngineExecutionOrchestrator.withInterceptedStreams(EngineExecutionOrchestrator.java:67)
	at org.junit.platform.launcher.core.EngineExecutionOrchestrator.execute(EngineExecutionOrchestrator.java:52)
	at org.junit.platform.launcher.core.DefaultLauncher.execute(DefaultLauncher.java:114)
	at org.junit.platform.launcher.core.DefaultLauncher.execute(DefaultLauncher.java:86)
	at org.junit.platform.launcher.core.DefaultLauncherSession$DelegatingLauncher.execute(DefaultLauncherSession.java:86)
	at org.junit.platform.launcher.core.SessionPerRequestLauncher.execute(SessionPerRequestLauncher.java:53)
	at org.apache.maven.surefire.junitplatform.JUnitPlatformProvider.execute(JUnitPlatformProvider.java:188)
	at org.apache.maven.surefire.junitplatform.JUnitPlatformProvider.invokeAllTests(JUnitPlatformProvider.java:154)
	at org.apache.maven.surefire.junitplatform.JUnitPlatformProvider.invoke(JUnitPlatformProvider.java:128)
	at org.apache.maven.surefire.booter.ForkedBooter.runSuitesInProcess(ForkedBooter.java:428)
	at org.apache.maven.surefire.booter.ForkedBooter.execute(ForkedBooter.java:162)
	at org.apache.maven.surefire.booter.ForkedBooter.run(ForkedBooter.java:562)
	at org.apache.maven.surefire.booter.ForkedBooter.main(ForkedBooter.java:548)
]]></system-out>
  </testcase>
  <testcase name="getRememberedPrincipals" classname="org.apache.shiro.web.mgt.CookieRememberMeManagerTest" time="0.013"/>
  <testcase name="shouldIgnoreInvalidCookieValues" classname="org.apache.shiro.web.mgt.CookieRememberMeManagerTest" time="0.003">
    <system-out><![CDATA[2021-10-31 20:19:50,478 WARN [org.apache.shiro.web.mgt.CookieRememberMeManager] - Unable to decode existing base64 encoded entity: [60800677-d3e4-48c7-aa91-1bd47142d5a2%%ldapRealm===]. 
java.lang.IllegalArgumentException: Illegal base64 character 2d
	at java.util.Base64$Decoder.decode0(Base64.java:714)
	at java.util.Base64$Decoder.decode(Base64.java:526)
	at org.apache.shiro.lang.codec.Base64.decode(Base64.java:104)
	at org.apache.shiro.lang.codec.Base64.decode(Base64.java:94)
	at org.apache.shiro.web.mgt.CookieRememberMeManager.getRememberedSerializedIdentity(CookieRememberMeManager.java:217)
	at org.apache.shiro.web.mgt.CookieRememberMeManagerTest.shouldIgnoreInvalidCookieValues(CookieRememberMeManagerTest.java:266)
	at sun.reflect.NativeMethodAccessorImpl.invoke0(Native Method)
	at sun.reflect.NativeMethodAccessorImpl.invoke(NativeMethodAccessorImpl.java:62)
	at sun.reflect.DelegatingMethodAccessorImpl.invoke(DelegatingMethodAccessorImpl.java:43)
	at java.lang.reflect.Method.invoke(Method.java:498)
	at org.junit.runners.model.FrameworkMethod$1.runReflectiveCall(FrameworkMethod.java:59)
	at org.junit.internal.runners.model.ReflectiveCallable.run(ReflectiveCallable.java:12)
	at org.junit.runners.model.FrameworkMethod.invokeExplosively(FrameworkMethod.java:56)
	at org.junit.internal.runners.statements.InvokeMethod.evaluate(InvokeMethod.java:17)
	at org.junit.runners.ParentRunner$3.evaluate(ParentRunner.java:306)
	at org.junit.runners.BlockJUnit4ClassRunner$1.evaluate(BlockJUnit4ClassRunner.java:100)
	at org.junit.runners.ParentRunner.runLeaf(ParentRunner.java:366)
	at org.junit.runners.BlockJUnit4ClassRunner.runChild(BlockJUnit4ClassRunner.java:103)
	at org.junit.runners.BlockJUnit4ClassRunner.runChild(BlockJUnit4ClassRunner.java:63)
	at org.junit.runners.ParentRunner$4.run(ParentRunner.java:331)
	at org.junit.runners.ParentRunner$1.schedule(ParentRunner.java:79)
	at org.junit.runners.ParentRunner.runChildren(ParentRunner.java:329)
	at org.junit.runners.ParentRunner.access$100(ParentRunner.java:66)
	at org.junit.runners.ParentRunner$2.evaluate(ParentRunner.java:293)
	at org.junit.runners.ParentRunner$3.evaluate(ParentRunner.java:306)
	at org.junit.runners.ParentRunner.run(ParentRunner.java:413)
	at org.junit.runner.JUnitCore.run(JUnitCore.java:137)
	at org.junit.runner.JUnitCore.run(JUnitCore.java:115)
	at org.junit.vintage.engine.execution.RunnerExecutor.execute(RunnerExecutor.java:42)
	at org.junit.vintage.engine.VintageTestEngine.executeAllChildren(VintageTestEngine.java:80)
	at org.junit.vintage.engine.VintageTestEngine.execute(VintageTestEngine.java:72)
	at org.junit.platform.launcher.core.EngineExecutionOrchestrator.execute(EngineExecutionOrchestrator.java:107)
	at org.junit.platform.launcher.core.EngineExecutionOrchestrator.execute(EngineExecutionOrchestrator.java:88)
	at org.junit.platform.launcher.core.EngineExecutionOrchestrator.lambda$execute$0(EngineExecutionOrchestrator.java:54)
	at org.junit.platform.launcher.core.EngineExecutionOrchestrator.withInterceptedStreams(EngineExecutionOrchestrator.java:67)
	at org.junit.platform.launcher.core.EngineExecutionOrchestrator.execute(EngineExecutionOrchestrator.java:52)
	at org.junit.platform.launcher.core.DefaultLauncher.execute(DefaultLauncher.java:114)
	at org.junit.platform.launcher.core.DefaultLauncher.execute(DefaultLauncher.java:86)
	at org.junit.platform.launcher.core.DefaultLauncherSession$DelegatingLauncher.execute(DefaultLauncherSession.java:86)
	at org.junit.platform.launcher.core.SessionPerRequestLauncher.execute(SessionPerRequestLauncher.java:53)
	at org.apache.maven.surefire.junitplatform.JUnitPlatformProvider.execute(JUnitPlatformProvider.java:188)
	at org.apache.maven.surefire.junitplatform.JUnitPlatformProvider.invokeAllTests(JUnitPlatformProvider.java:154)
	at org.apache.maven.surefire.junitplatform.JUnitPlatformProvider.invoke(JUnitPlatformProvider.java:128)
	at org.apache.maven.surefire.booter.ForkedBooter.runSuitesInProcess(ForkedBooter.java:428)
	at org.apache.maven.surefire.booter.ForkedBooter.execute(ForkedBooter.java:162)
	at org.apache.maven.surefire.booter.ForkedBooter.run(ForkedBooter.java:562)
	at org.apache.maven.surefire.booter.ForkedBooter.main(ForkedBooter.java:548)
]]></system-out>
  </testcase>
  <testcase name="onSuccessfulLogin" classname="org.apache.shiro.web.mgt.CookieRememberMeManagerTest" time="0.011"/>
  <testcase name="getRememberedPrincipalsNoMoreDefaultCipher" classname="org.apache.shiro.web.mgt.CookieRememberMeManagerTest" time="0.001">
    <system-out><![CDATA[2021-10-31 20:19:50,494 WARN [org.apache.shiro.mgt.AbstractRememberMeManager] - There was a failure while trying to retrieve remembered principals.  This could be due to a configuration problem or corrupted principals.  This could also be due to a recently changed encryption key, if you are using a shiro.ini file, this property would be 'securityManager.rememberMeManager.cipherKey' see: http://shiro.apache.org/web.html#Web-RememberMeServices. The remembered identity will be forgotten and not used for this request. 
]]></system-out>
  </testcase>
  <testcase name="onLogout" classname="org.apache.shiro.web.mgt.CookieRememberMeManagerTest" time="0"/>
</testsuite>