<?xml version="1.0" encoding="UTF-8"?>
<testsuite xmlns:xsi="http://www.w3.org/2001/XMLSchema-instance" xsi:noNamespaceSchemaLocation="https://maven.apache.org/surefire/maven-surefire-plugin/xsd/surefire-test-report-3.0.xsd" version="3.0" name="org.apache.shiro.spring.config.ShiroConfigurationWithOptionalComponentsTest" time="0.784" tests="1" errors="0" skipped="0" failures="0">
  <properties>
    <property name="awt.toolkit" value="sun.awt.X11.XToolkit"/>
    <property name="file.encoding.pkg" value="sun.io"/>
    <property name="nondexStart" value="0"/>
    <property name="java.specification.version" value="1.8"/>
    <property name="sun.cpu.isalist" value=""/>
    <property name="sun.jnu.encoding" value="UTF-8"/>
    <property name="java.class.path" value="/home/ch61/shiro/support/spring/target/test-classes:/home/ch61/shiro/support/spring/target/classes:/home/ch61/shiro/core/target/classes:/home/ch61/shiro/lang/target/classes:/home/ch61/shiro/cache/target/classes:/home/ch61/shiro/crypto/hash/target/classes:/home/ch61/shiro/crypto/core/target/classes:/home/ch61/.m2/repository/org/bouncycastle/bcprov-jdk15on/1.68/bcprov-jdk15on-1.68.jar:/home/ch61/shiro/crypto/support/hashes/argon2/target/classes:/home/ch61/shiro/crypto/support/hashes/bcrypt/target/classes:/home/ch61/shiro/crypto/cipher/target/classes:/home/ch61/shiro/config/core/target/classes:/home/ch61/shiro/config/ogdl/target/classes:/home/ch61/.m2/repository/commons-beanutils/commons-beanutils/1.9.4/commons-beanutils-1.9.4.jar:/home/ch61/.m2/repository/commons-collections/commons-collections/3.2.2/commons-collections-3.2.2.jar:/home/ch61/shiro/event/target/classes:/home/ch61/shiro/web/target/classes:/home/ch61/.m2/repository/org/owasp/encoder/encoder/1.2.2/encoder-1.2.2.jar:/home/ch61/.m2/repository/javax/servlet/javax.servlet-api/3.1.0/javax.servlet-api-3.1.0.jar:/home/ch61/.m2/repository/org/springframework/spring-context/5.2.8.RELEASE/spring-context-5.2.8.RELEASE.jar:/home/ch61/.m2/repository/org/springframework/spring-aop/5.2.8.RELEASE/spring-aop-5.2.8.RELEASE.jar:/home/ch61/.m2/repository/org/springframework/spring-beans/5.2.8.RELEASE/spring-beans-5.2.8.RELEASE.jar:/home/ch61/.m2/repository/org/springframework/spring-core/5.2.8.RELEASE/spring-core-5.2.8.RELEASE.jar:/home/ch61/.m2/repository/org/springframework/spring-jcl/5.2.8.RELEASE/spring-jcl-5.2.8.RELEASE.jar:/home/ch61/.m2/repository/org/springframework/spring-expression/5.2.8.RELEASE/spring-expression-5.2.8.RELEASE.jar:/home/ch61/.m2/repository/org/springframework/spring-web/5.2.8.RELEASE/spring-web-5.2.8.RELEASE.jar:/home/ch61/.m2/repository/org/springframework/spring-webmvc/5.2.8.RELEASE/spring-webmvc-5.2.8.RELEASE.jar:/home/ch61/.m2/repository/org/slf4j/jcl-over-slf4j/1.7.26/jcl-over-slf4j-1.7.26.jar:/home/ch61/.m2/repository/org/slf4j/slf4j-api/1.7.26/slf4j-api-1.7.26.jar:/home/ch61/.m2/repository/org/slf4j/slf4j-log4j12/1.7.26/slf4j-log4j12-1.7.26.jar:/home/ch61/.m2/repository/log4j/log4j/1.2.17/log4j-1.2.17.jar:/home/ch61/.m2/repository/org/springframework/spring-test/5.2.8.RELEASE/spring-test-5.2.8.RELEASE.jar:/home/ch61/shiro/support/aspectj/target/classes:/home/ch61/.m2/repository/org/aspectj/aspectjrt/1.9.7.M3/aspectjrt-1.9.7.M3.jar:/home/ch61/.m2/repository/org/aspectj/aspectjweaver/1.9.7.M3/aspectjweaver-1.9.7.M3.jar:/home/ch61/.m2/repository/org/junit/jupiter/junit-jupiter-api/5.8.1/junit-jupiter-api-5.8.1.jar:/home/ch61/.m2/repository/org/opentest4j/opentest4j/1.2.0/opentest4j-1.2.0.jar:/home/ch61/.m2/repository/org/junit/platform/junit-platform-commons/1.8.1/junit-platform-commons-1.8.1.jar:/home/ch61/.m2/repository/org/apiguardian/apiguardian-api/1.1.2/apiguardian-api-1.1.2.jar:/home/ch61/.m2/repository/org/junit/jupiter/junit-jupiter-engine/5.8.1/junit-jupiter-engine-5.8.1.jar:/home/ch61/.m2/repository/org/junit/platform/junit-platform-engine/1.8.1/junit-platform-engine-1.8.1.jar:/home/ch61/.m2/repository/org/junit/vintage/junit-vintage-engine/5.8.1/junit-vintage-engine-5.8.1.jar:/home/ch61/.m2/repository/junit/junit/4.13.2/junit-4.13.2.jar:/home/ch61/.m2/repository/org/hamcrest/hamcrest-core/2.1/hamcrest-core-2.1.jar:/home/ch61/.m2/repository/org/hamcrest/hamcrest/2.1/hamcrest-2.1.jar:/home/ch61/.m2/repository/org/easymock/easymock/4.0.2/easymock-4.0.2.jar:/home/ch61/.m2/repository/org/objenesis/objenesis/3.0.1/objenesis-3.0.1.jar:/home/ch61/.m2/repository/org/mockito/mockito-core/3.12.4/mockito-core-3.12.4.jar:/home/ch61/.m2/repository/net/bytebuddy/byte-buddy/1.11.13/byte-buddy-1.11.13.jar:/home/ch61/.m2/repository/net/bytebuddy/byte-buddy-agent/1.11.13/byte-buddy-agent-1.11.13.jar:/home/ch61/.m2/repository/org/codehaus/groovy/groovy/3.0.9/groovy-3.0.9.jar:"/>
    <property name="java.vm.vendor" value="Private Build"/>
    <property name="nondexPrintstack" value="false"/>
    <property name="sun.arch.data.model" value="64"/>
    <property name="java.vendor.url" value="http://java.oracle.com/"/>
    <property name="user.timezone" value="America/Chicago"/>
    <property name="java.vm.specification.version" value="1.8"/>
    <property name="os.name" value="Linux"/>
    <property name="sun.java.launcher" value="SUN_STANDARD"/>
    <property name="sun.boot.library.path" value="/usr/lib/jvm/java-8-openjdk-amd64/jre/lib/amd64"/>
    <property name="sun.java.command" value="/home/ch61/shiro/support/spring/target/surefire/surefirebooter2753187132927261316.jar /home/ch61/shiro/support/spring/target/surefire 2021-10-31T20-14-59_495-jvmRun1 surefire7245171351555029128tmp surefire_485583620968030508760tmp"/>
    <property name="nondexLogging" value="CONFIG"/>
    <property name="surefire.test.class.path" value="/home/ch61/shiro/support/spring/target/test-classes:/home/ch61/shiro/support/spring/target/classes:/home/ch61/shiro/core/target/classes:/home/ch61/shiro/lang/target/classes:/home/ch61/shiro/cache/target/classes:/home/ch61/shiro/crypto/hash/target/classes:/home/ch61/shiro/crypto/core/target/classes:/home/ch61/.m2/repository/org/bouncycastle/bcprov-jdk15on/1.68/bcprov-jdk15on-1.68.jar:/home/ch61/shiro/crypto/support/hashes/argon2/target/classes:/home/ch61/shiro/crypto/support/hashes/bcrypt/target/classes:/home/ch61/shiro/crypto/cipher/target/classes:/home/ch61/shiro/config/core/target/classes:/home/ch61/shiro/config/ogdl/target/classes:/home/ch61/.m2/repository/commons-beanutils/commons-beanutils/1.9.4/commons-beanutils-1.9.4.jar:/home/ch61/.m2/repository/commons-collections/commons-collections/3.2.2/commons-collections-3.2.2.jar:/home/ch61/shiro/event/target/classes:/home/ch61/shiro/web/target/classes:/home/ch61/.m2/repository/org/owasp/encoder/encoder/1.2.2/encoder-1.2.2.jar:/home/ch61/.m2/repository/javax/servlet/javax.servlet-api/3.1.0/javax.servlet-api-3.1.0.jar:/home/ch61/.m2/repository/org/springframework/spring-context/5.2.8.RELEASE/spring-context-5.2.8.RELEASE.jar:/home/ch61/.m2/repository/org/springframework/spring-aop/5.2.8.RELEASE/spring-aop-5.2.8.RELEASE.jar:/home/ch61/.m2/repository/org/springframework/spring-beans/5.2.8.RELEASE/spring-beans-5.2.8.RELEASE.jar:/home/ch61/.m2/repository/org/springframework/spring-core/5.2.8.RELEASE/spring-core-5.2.8.RELEASE.jar:/home/ch61/.m2/repository/org/springframework/spring-jcl/5.2.8.RELEASE/spring-jcl-5.2.8.RELEASE.jar:/home/ch61/.m2/repository/org/springframework/spring-expression/5.2.8.RELEASE/spring-expression-5.2.8.RELEASE.jar:/home/ch61/.m2/repository/org/springframework/spring-web/5.2.8.RELEASE/spring-web-5.2.8.RELEASE.jar:/home/ch61/.m2/repository/org/springframework/spring-webmvc/5.2.8.RELEASE/spring-webmvc-5.2.8.RELEASE.jar:/home/ch61/.m2/repository/org/slf4j/jcl-over-slf4j/1.7.26/jcl-over-slf4j-1.7.26.jar:/home/ch61/.m2/repository/org/slf4j/slf4j-api/1.7.26/slf4j-api-1.7.26.jar:/home/ch61/.m2/repository/org/slf4j/slf4j-log4j12/1.7.26/slf4j-log4j12-1.7.26.jar:/home/ch61/.m2/repository/log4j/log4j/1.2.17/log4j-1.2.17.jar:/home/ch61/.m2/repository/org/springframework/spring-test/5.2.8.RELEASE/spring-test-5.2.8.RELEASE.jar:/home/ch61/shiro/support/aspectj/target/classes:/home/ch61/.m2/repository/org/aspectj/aspectjrt/1.9.7.M3/aspectjrt-1.9.7.M3.jar:/home/ch61/.m2/repository/org/aspectj/aspectjweaver/1.9.7.M3/aspectjweaver-1.9.7.M3.jar:/home/ch61/.m2/repository/org/junit/jupiter/junit-jupiter-api/5.8.1/junit-jupiter-api-5.8.1.jar:/home/ch61/.m2/repository/org/opentest4j/opentest4j/1.2.0/opentest4j-1.2.0.jar:/home/ch61/.m2/repository/org/junit/platform/junit-platform-commons/1.8.1/junit-platform-commons-1.8.1.jar:/home/ch61/.m2/repository/org/apiguardian/apiguardian-api/1.1.2/apiguardian-api-1.1.2.jar:/home/ch61/.m2/repository/org/junit/jupiter/junit-jupiter-engine/5.8.1/junit-jupiter-engine-5.8.1.jar:/home/ch61/.m2/repository/org/junit/platform/junit-platform-engine/1.8.1/junit-platform-engine-1.8.1.jar:/home/ch61/.m2/repository/org/junit/vintage/junit-vintage-engine/5.8.1/junit-vintage-engine-5.8.1.jar:/home/ch61/.m2/repository/junit/junit/4.13.2/junit-4.13.2.jar:/home/ch61/.m2/repository/org/hamcrest/hamcrest-core/2.1/hamcrest-core-2.1.jar:/home/ch61/.m2/repository/org/hamcrest/hamcrest/2.1/hamcrest-2.1.jar:/home/ch61/.m2/repository/org/easymock/easymock/4.0.2/easymock-4.0.2.jar:/home/ch61/.m2/repository/org/objenesis/objenesis/3.0.1/objenesis-3.0.1.jar:/home/ch61/.m2/repository/org/mockito/mockito-core/3.12.4/mockito-core-3.12.4.jar:/home/ch61/.m2/repository/net/bytebuddy/byte-buddy/1.11.13/byte-buddy-1.11.13.jar:/home/ch61/.m2/repository/net/bytebuddy/byte-buddy-agent/1.11.13/byte-buddy-agent-1.11.13.jar:/home/ch61/.m2/repository/org/codehaus/groovy/groovy/3.0.9/groovy-3.0.9.jar:"/>
    <property name="nondexExecid" value="clean_cBLx8r04G52j+AYOgs3IwVtSqbB4Z4zL9S6EWITHkhw="/>
    <property name="sun.cpu.endian" value="little"/>
    <property name="user.home" value="/home/ch61"/>
    <property name="user.language" value="en"/>
    <property name="java.specification.vendor" value="Oracle Corporation"/>
    <property name="java.home" value="/usr/lib/jvm/java-8-openjdk-amd64/jre"/>
    <property name="basedir" value="/home/ch61/shiro/support/spring"/>
    <property name="file.separator" value="/"/>
    <property name="nondexEnd" value="9223372036854775807"/>
    <property name="line.separator" value="&#10;"/>
    <property name="java.vm.specification.vendor" value="Oracle Corporation"/>
    <property name="java.specification.name" value="Java Platform API Specification"/>
    <property name="java.awt.graphicsenv" value="sun.awt.X11GraphicsEnvironment"/>
    <property name="nondexFilter" value=".*"/>
    <property name="nondexSeed" value="933178"/>
    <property name="surefire.real.class.path" value="/home/ch61/shiro/support/spring/target/surefire/surefirebooter2753187132927261316.jar"/>
    <property name="sun.boot.class.path" value="/usr/lib/jvm/java-8-openjdk-amd64/jre/lib/resources.jar:/usr/lib/jvm/java-8-openjdk-amd64/jre/lib/rt.jar:/usr/lib/jvm/java-8-openjdk-amd64/jre/lib/sunrsasign.jar:/usr/lib/jvm/java-8-openjdk-amd64/jre/lib/jsse.jar:/usr/lib/jvm/java-8-openjdk-amd64/jre/lib/jce.jar:/usr/lib/jvm/java-8-openjdk-amd64/jre/lib/charsets.jar:/usr/lib/jvm/java-8-openjdk-amd64/jre/lib/jfr.jar:/usr/lib/jvm/java-8-openjdk-amd64/jre/classes"/>
    <property name="sun.management.compiler" value="HotSpot 64-Bit Tiered Compilers"/>
    <property name="java.runtime.version" value="1.8.0_292-8u292-b10-0ubuntu1~18.04-b10"/>
    <property name="user.name" value="ch61"/>
    <property name="path.separator" value=":"/>
    <property name="os.version" value="4.15.0-161-generic"/>
    <property name="java.endorsed.dirs" value="/usr/lib/jvm/java-8-openjdk-amd64/jre/lib/endorsed"/>
    <property name="java.runtime.name" value="OpenJDK Runtime Environment"/>
    <property name="file.encoding" value="UTF-8"/>
    <property name="java.vm.name" value="OpenJDK 64-Bit Server VM"/>
    <property name="localRepository" value="/home/ch61/.m2/repository"/>
    <property name="nondexDir" value="/home/ch61/shiro/support/spring/.nondex"/>
    <property name="nondexJarDir" value=".nondex"/>
    <property name="java.vendor.url.bug" value="http://bugreport.sun.com/bugreport/"/>
    <property name="java.io.tmpdir" value="/tmp"/>
    <property name="java.version" value="1.8.0_292"/>
    <property name="user.dir" value="/home/ch61/shiro/support/spring"/>
    <property name="os.arch" value="amd64"/>
    <property name="nondexMode" value="FULL"/>
    <property name="java.vm.specification.name" value="Java Virtual Machine Specification"/>
    <property name="java.awt.printerjob" value="sun.print.PSPrinterJob"/>
    <property name="sun.os.patch.level" value="unknown"/>
    <property name="java.library.path" value="/usr/java/packages/lib/amd64:/usr/lib/x86_64-linux-gnu/jni:/lib/x86_64-linux-gnu:/usr/lib/x86_64-linux-gnu:/usr/lib/jni:/lib:/usr/lib"/>
    <property name="java.vm.info" value="mixed mode"/>
    <property name="java.vendor" value="Private Build"/>
    <property name="java.vm.version" value="25.292-b10"/>
    <property name="java.ext.dirs" value="/usr/lib/jvm/java-8-openjdk-amd64/jre/lib/ext:/usr/java/packages/lib/ext"/>
    <property name="sun.io.unicode.encoding" value="UnicodeLittle"/>
    <property name="java.class.version" value="52.0"/>
  </properties>
  <testcase name="testMinimalConfiguration" classname="org.apache.shiro.spring.config.ShiroConfigurationWithOptionalComponentsTest" time="0.245">
    <system-out><![CDATA[2021-10-31 20:21:45,136 INFO [org.apache.shiro.session.mgt.AbstractValidatingSessionManager] - Enabling session validation scheduler... 
]]></system-out>
  </testcase>
</testsuite>